{"/home/agustinac/repo/personal/GTDFront/src/components/button/Button.tsx": {"path":"/home/agustinac/repo/personal/GTDFront/src/components/button/Button.tsx","statementMap":{"0":{"start":{"line":1,"column":0},"end":{"line":1,"column":43}},"1":{"start":{"line":2,"column":0},"end":{"line":2,"column":65}},"2":{"start":{"line":11,"column":22},"end":{"line":26,"column":1}},"3":{"start":{"line":12,"column":2},"end":{"line":25,"column":4}},"4":{"start":{"line":11,"column":13},"end":{"line":11,"column":22}},"5":{"start":{"line":28,"column":24},"end":{"line":43,"column":2}},"6":{"start":{"line":45,"column":19},"end":{"line":47,"column":2}},"7":{"start":{"line":49,"column":13},"end":{"line":52,"column":2}}},"fnMap":{"0":{"name":"(anonymous_0)","decl":{"start":{"line":11,"column":22},"end":{"line":11,"column":23}},"loc":{"start":{"line":11,"column":76},"end":{"line":26,"column":1}}}},"branchMap":{"0":{"loc":{"start":{"line":18,"column":7},"end":{"line":22,"column":null}},"type":"binary-expr","locations":[{"start":{"line":18,"column":7},"end":{"line":18,"column":11}},{"start":{"line":19,"column":8},"end":{"line":21,"column":null}}]}},"s":{"0":1,"1":1,"2":1,"3":2,"4":1,"5":1,"6":1,"7":1},"f":{"0":2},"b":{"0":[2,2]}}
,"/home/agustinac/repo/personal/GTDFront/src/components/card/Card.tsx": {"path":"/home/agustinac/repo/personal/GTDFront/src/components/card/Card.tsx","statementMap":{"0":{"start":{"line":1,"column":0},"end":{"line":1,"column":43}},"1":{"start":{"line":11,"column":20},"end":{"line":37,"column":1}},"2":{"start":{"line":18,"column":2},"end":{"line":36,"column":4}},"3":{"start":{"line":11,"column":13},"end":{"line":11,"column":20}},"4":{"start":{"line":39,"column":15},"end":{"line":46,"column":2}},"5":{"start":{"line":48,"column":21},"end":{"line":55,"column":2}},"6":{"start":{"line":52,"column":16},"end":{"line":52,"column":62}},"7":{"start":{"line":57,"column":25},"end":{"line":69,"column":2}},"8":{"start":{"line":62,"column":4},"end":{"line":68,"column":29}},"9":{"start":{"line":71,"column":32},"end":{"line":76,"column":2}},"10":{"start":{"line":74,"column":16},"end":{"line":74,"column":64}},"11":{"start":{"line":78,"column":16},"end":{"line":80,"column":2}},"12":{"start":{"line":82,"column":19},"end":{"line":85,"column":2}},"13":{"start":{"line":87,"column":22},"end":{"line":92,"column":2}}},"fnMap":{"0":{"name":"(anonymous_0)","decl":{"start":{"line":11,"column":20},"end":{"line":11,"column":21}},"loc":{"start":{"line":17,"column":29},"end":{"line":37,"column":1}}},"1":{"name":"(anonymous_1)","decl":{"start":{"line":52,"column":4},"end":{"line":52,"column":5}},"loc":{"start":{"line":52,"column":16},"end":{"line":52,"column":62}}},"2":{"name":"(anonymous_2)","decl":{"start":{"line":61,"column":4},"end":{"line":61,"column":5}},"loc":{"start":{"line":62,"column":4},"end":{"line":68,"column":29}}},"3":{"name":"(anonymous_3)","decl":{"start":{"line":74,"column":4},"end":{"line":74,"column":5}},"loc":{"start":{"line":74,"column":16},"end":{"line":74,"column":64}}}},"branchMap":{"0":{"loc":{"start":{"line":26,"column":13},"end":{"line":26,"column":69}},"type":"binary-expr","locations":[{"start":{"line":26,"column":13},"end":{"line":26,"column":18}},{"start":{"line":26,"column":22},"end":{"line":26,"column":69}}]},"1":{"loc":{"start":{"line":30,"column":9},"end":{"line":31,"column":null}},"type":"binary-expr","locations":[{"start":{"line":30,"column":9},"end":{"line":30,"column":18}},{"start":{"line":31,"column":10},"end":{"line":31,"column":70}}]},"2":{"loc":{"start":{"line":52,"column":16},"end":{"line":52,"column":62}},"type":"cond-expr","locations":[{"start":{"line":52,"column":37},"end":{"line":52,"column":57}},{"start":{"line":52,"column":60},"end":{"line":52,"column":62}}]},"3":{"loc":{"start":{"line":62,"column":4},"end":{"line":68,"column":29}},"type":"cond-expr","locations":[{"start":{"line":63,"column":8},"end":{"line":67,"column":null}},{"start":{"line":68,"column":8},"end":{"line":68,"column":29}}]},"4":{"loc":{"start":{"line":74,"column":16},"end":{"line":74,"column":64}},"type":"cond-expr","locations":[{"start":{"line":74,"column":34},"end":{"line":74,"column":59}},{"start":{"line":74,"column":62},"end":{"line":74,"column":64}}]}},"s":{"0":2,"1":2,"2":5,"3":2,"4":2,"5":2,"6":5,"7":2,"8":5,"9":2,"10":5,"11":2,"12":2,"13":2},"f":{"0":5,"1":5,"2":5,"3":5},"b":{"0":[5,2],"1":[5,1],"2":[0,5],"3":[3,2],"4":[2,3]}}
,"/home/agustinac/repo/personal/GTDFront/src/components/userCard/UserCard.tsx": {"path":"/home/agustinac/repo/personal/GTDFront/src/components/userCard/UserCard.tsx","statementMap":{"0":{"start":{"line":1,"column":0},"end":{"line":1,"column":43}},"1":{"start":{"line":2,"column":0},"end":{"line":2,"column":36}},"2":{"start":{"line":9,"column":24},"end":{"line":26,"column":1}},"3":{"start":{"line":13,"column":2},"end":{"line":25,"column":4}},"4":{"start":{"line":9,"column":13},"end":{"line":9,"column":24}},"5":{"start":{"line":28,"column":26},"end":{"line":32,"column":2}},"6":{"start":{"line":34,"column":20},"end":{"line":42,"column":2}},"7":{"start":{"line":35,"column":15},"end":{"line":35,"column":57}}},"fnMap":{"0":{"name":"(anonymous_0)","decl":{"start":{"line":9,"column":24},"end":{"line":9,"column":25}},"loc":{"start":{"line":12,"column":33},"end":{"line":26,"column":1}}},"1":{"name":"(anonymous_1)","decl":{"start":{"line":35,"column":4},"end":{"line":35,"column":5}},"loc":{"start":{"line":35,"column":15},"end":{"line":35,"column":57}}}},"branchMap":{},"s":{"0":1,"1":1,"2":1,"3":1,"4":1,"5":1,"6":1,"7":1},"f":{"0":1,"1":1},"b":{}}
,"/home/agustinac/repo/personal/GTDFront/src/storybook/decorators/phone.tsx": {"path":"/home/agustinac/repo/personal/GTDFront/src/storybook/decorators/phone.tsx","statementMap":{"0":{"start":{"line":1,"column":0},"end":{"line":1,"column":58}},"1":{"start":{"line":2,"column":0},"end":{"line":2,"column":43}},"2":{"start":{"line":5,"column":28},"end":{"line":8,"column":null}},"3":{"start":{"line":6,"column":2},"end":{"line":7,"column":null}},"4":{"start":{"line":5,"column":13},"end":{"line":5,"column":28}},"5":{"start":{"line":15,"column":26},"end":{"line":23,"column":1}},"6":{"start":{"line":16,"column":22},"end":{"line":16,"column":81}},"7":{"start":{"line":17,"column":2},"end":{"line":17,"column":null}},"8":{"start":{"line":18,"column":2},"end":{"line":22,"column":4}},"9":{"start":{"line":15,"column":13},"end":{"line":15,"column":26}},"10":{"start":{"line":25,"column":23},"end":{"line":32,"column":2}}},"fnMap":{"0":{"name":"(anonymous_0)","decl":{"start":{"line":5,"column":28},"end":{"line":5,"column":29}},"loc":{"start":{"line":6,"column":2},"end":{"line":7,"column":null}}},"1":{"name":"(anonymous_1)","decl":{"start":{"line":15,"column":26},"end":{"line":15,"column":27}},"loc":{"start":{"line":15,"column":60},"end":{"line":23,"column":1}}}},"branchMap":{"0":{"loc":{"start":{"line":16,"column":22},"end":{"line":16,"column":81}},"type":"cond-expr","locations":[{"start":{"line":16,"column":51},"end":{"line":16,"column":77}},{"start":{"line":16,"column":79},"end":{"line":16,"column":81}}]}},"s":{"0":2,"1":2,"2":2,"3":0,"4":2,"5":2,"6":2,"7":2,"8":2,"9":2,"10":2},"f":{"0":0,"1":2},"b":{"0":[0,2]}}
,"/home/agustinac/repo/personal/GTDFront/src/views/login/Login.tsx": {"path":"/home/agustinac/repo/personal/GTDFront/src/views/login/Login.tsx","statementMap":{"0":{"start":{"line":1,"column":0},"end":{"line":1,"column":43}},"1":{"start":{"line":2,"column":0},"end":{"line":2,"column":56}},"2":{"start":{"line":3,"column":0},"end":{"line":3,"column":50}},"3":{"start":{"line":4,"column":0},"end":{"line":4,"column":74}},"4":{"start":{"line":5,"column":0},"end":{"line":5,"column":67}},"5":{"start":{"line":6,"column":0},"end":{"line":6,"column":44}},"6":{"start":{"line":7,"column":0},"end":{"line":7,"column":26}},"7":{"start":{"line":9,"column":18},"end":{"line":73,"column":1}},"8":{"start":{"line":10,"column":17},"end":{"line":14,"column":3}},"9":{"start":{"line":11,"column":4},"end":{"line":11,"column":28}},"10":{"start":{"line":12,"column":4},"end":{"line":12,"column":37}},"11":{"start":{"line":13,"column":4},"end":{"line":13,"column":23}},"12":{"start":{"line":16,"column":26},"end":{"line":16,"column":41}},"13":{"start":{"line":17,"column":32},"end":{"line":17,"column":47}},"14":{"start":{"line":19,"column":16},"end":{"line":28,"column":4}},"15":{"start":{"line":21,"column":6},"end":{"line":21,"column":28}},"16":{"start":{"line":24,"column":6},"end":{"line":24,"column":35}},"17":{"start":{"line":25,"column":6},"end":{"line":25,"column":44}},"18":{"start":{"line":26,"column":6},"end":{"line":26,"column":25}},"19":{"start":{"line":30,"column":17},"end":{"line":33,"column":3}},"20":{"start":{"line":31,"column":4},"end":{"line":31,"column":19}},"21":{"start":{"line":32,"column":4},"end":{"line":32,"column":21}},"22":{"start":{"line":35,"column":2},"end":{"line":52,"column":13}},"23":{"start":{"line":36,"column":4},"end":{"line":51,"column":null}},"24":{"start":{"line":37,"column":6},"end":{"line":50,"column":42}},"25":{"start":{"line":48,"column":10},"end":{"line":48,"column":31}},"26":{"start":{"line":50,"column":24},"end":{"line":50,"column":40}},"27":{"start":{"line":54,"column":2},"end":{"line":72,"column":4}},"28":{"start":{"line":75,"column":25},"end":{"line":80,"column":2}},"29":{"start":{"line":82,"column":0},"end":{"line":82,"column":25}}},"fnMap":{"0":{"name":"(anonymous_0)","decl":{"start":{"line":9,"column":18},"end":{"line":9,"column":21}},"loc":{"start":{"line":9,"column":23},"end":{"line":73,"column":1}}},"1":{"name":"(anonymous_1)","decl":{"start":{"line":10,"column":17},"end":{"line":10,"column":20}},"loc":{"start":{"line":10,"column":22},"end":{"line":14,"column":3}}},"2":{"name":"(anonymous_2)","decl":{"start":{"line":20,"column":15},"end":{"line":20,"column":16}},"loc":{"start":{"line":20,"column":37},"end":{"line":22,"column":5}}},"3":{"name":"(anonymous_3)","decl":{"start":{"line":23,"column":13},"end":{"line":23,"column":14}},"loc":{"start":{"line":23,"column":23},"end":{"line":27,"column":5}}},"4":{"name":"(anonymous_4)","decl":{"start":{"line":30,"column":17},"end":{"line":30,"column":20}},"loc":{"start":{"line":30,"column":22},"end":{"line":33,"column":3}}},"5":{"name":"(anonymous_5)","decl":{"start":{"line":35,"column":12},"end":{"line":35,"column":15}},"loc":{"start":{"line":35,"column":17},"end":{"line":52,"column":3}}},"6":{"name":"(anonymous_6)","decl":{"start":{"line":47,"column":14},"end":{"line":47,"column":15}},"loc":{"start":{"line":47,"column":22},"end":{"line":49,"column":9}}},"7":{"name":"(anonymous_7)","decl":{"start":{"line":50,"column":15},"end":{"line":50,"column":16}},"loc":{"start":{"line":50,"column":24},"end":{"line":50,"column":40}}}},"branchMap":{"0":{"loc":{"start":{"line":36,"column":4},"end":{"line":51,"column":null}},"type":"if","locations":[{"start":{"line":36,"column":4},"end":{"line":51,"column":null}}]}},"s":{"0":1,"1":1,"2":1,"3":1,"4":1,"5":1,"6":1,"7":1,"8":2,"9":0,"10":0,"11":0,"12":2,"13":1,"14":1,"15":0,"16":0,"17":0,"18":0,"19":1,"20":0,"21":0,"22":1,"23":1,"24":0,"25":0,"26":0,"27":1,"28":1,"29":1},"f":{"0":2,"1":0,"2":0,"3":0,"4":0,"5":1,"6":0,"7":0},"b":{"0":[0]}}
,"/home/agustinac/repo/personal/GTDFront/src/views/main/Main.tsx": {"path":"/home/agustinac/repo/personal/GTDFront/src/views/main/Main.tsx","statementMap":{"0":{"start":{"line":1,"column":0},"end":{"line":1,"column":39}},"1":{"start":{"line":2,"column":0},"end":{"line":2,"column":50}},"2":{"start":{"line":3,"column":0},"end":{"line":3,"column":62}},"3":{"start":{"line":4,"column":0},"end":{"line":4,"column":33}},"4":{"start":{"line":15,"column":17},"end":{"line":37,"column":1}},"5":{"start":{"line":21,"column":38},"end":{"line":21,"column":56}},"6":{"start":{"line":23,"column":2},"end":{"line":36,"column":4}},"7":{"start":{"line":39,"column":18},"end":{"line":39,"column":30}},"8":{"start":{"line":41,"column":0},"end":{"line":41,"column":24}}},"fnMap":{"0":{"name":"(anonymous_0)","decl":{"start":{"line":15,"column":17},"end":{"line":15,"column":18}},"loc":{"start":{"line":20,"column":20},"end":{"line":37,"column":1}}}},"branchMap":{"0":{"loc":{"start":{"line":16,"column":2},"end":{"line":19,"column":null}},"type":"default-arg","locations":[{"start":{"line":16,"column":13},"end":{"line":19,"column":null}}]}},"s":{"0":1,"1":1,"2":1,"3":1,"4":1,"5":1,"6":1,"7":1,"8":1},"f":{"0":1},"b":{"0":[1]}}
}
