TN:
SF:src/components/button/Button.tsx
FN:11,(anonymous_0)
FNF:1
FNH:1
FNDA:2,(anonymous_0)
DA:1,1
DA:2,1
DA:11,1
DA:12,2
DA:28,1
DA:45,1
DA:49,1
LF:7
LH:7
BRDA:18,0,0,2
BRDA:18,0,1,2
BRF:2
BRH:2
end_of_record
TN:
SF:src/components/card/Card.tsx
FN:11,(anonymous_0)
FN:52,(anonymous_1)
FN:61,(anonymous_2)
FN:74,(anonymous_3)
FNF:4
FNH:4
FNDA:5,(anonymous_0)
FNDA:5,(anonymous_1)
FNDA:5,(anonymous_2)
FNDA:5,(anonymous_3)
DA:1,2
DA:11,2
DA:18,5
DA:39,2
DA:48,2
DA:52,5
DA:57,2
DA:62,5
DA:71,2
DA:74,5
DA:78,2
DA:82,2
DA:87,2
LF:13
LH:13
BRDA:26,0,0,5
BRDA:26,0,1,2
BRDA:30,1,0,5
BRDA:30,1,1,1
BRDA:52,2,0,0
BRDA:52,2,1,5
BRDA:62,3,0,3
BRDA:62,3,1,2
BRDA:74,4,0,2
BRDA:74,4,1,3
BRF:10
BRH:9
end_of_record
TN:
SF:src/components/userCard/UserCard.tsx
FN:9,(anonymous_0)
FN:35,(anonymous_1)
FNF:2
FNH:2
FNDA:1,(anonymous_0)
FNDA:1,(anonymous_1)
DA:1,1
DA:2,1
DA:9,1
DA:13,1
DA:28,1
DA:34,1
DA:35,1
LF:7
LH:7
BRF:0
BRH:0
end_of_record
TN:
SF:src/storybook/decorators/phone.tsx
FN:5,(anonymous_0)
FN:15,(anonymous_1)
FNF:2
FNH:1
FNDA:0,(anonymous_0)
FNDA:2,(anonymous_1)
DA:1,2
DA:2,2
DA:5,2
DA:6,0
DA:15,2
DA:16,2
DA:17,2
DA:18,2
DA:25,2
LF:9
LH:8
BRDA:16,0,0,0
BRDA:16,0,1,2
BRF:2
BRH:1
end_of_record
TN:
SF:src/views/login/Login.tsx
FN:9,(anonymous_0)
FN:10,(anonymous_1)
FN:20,(anonymous_2)
FN:23,(anonymous_3)
FN:30,(anonymous_4)
FN:35,(anonymous_5)
FN:47,(anonymous_6)
FN:50,(anonymous_7)
FNF:8
FNH:2
FNDA:2,(anonymous_0)
FNDA:0,(anonymous_1)
FNDA:0,(anonymous_2)
FNDA:0,(anonymous_3)
FNDA:0,(anonymous_4)
FNDA:1,(anonymous_5)
FNDA:0,(anonymous_6)
FNDA:0,(anonymous_7)
DA:1,1
DA:2,1
DA:3,1
DA:4,1
DA:5,1
DA:6,1
DA:7,1
DA:9,1
DA:10,2
DA:11,0
DA:12,0
DA:13,0
DA:16,2
DA:17,1
DA:19,1
DA:21,0
DA:24,0
DA:25,0
DA:26,0
DA:30,1
DA:31,0
DA:32,0
DA:35,1
DA:36,1
DA:37,0
DA:48,0
DA:50,0
DA:54,1
DA:75,1
DA:82,1
LF:30
LH:18
BRDA:36,0,0,0
BRF:1
BRH:0
end_of_record
TN:
SF:src/views/main/Main.tsx
FN:15,(anonymous_0)
FNF:1
FNH:1
FNDA:1,(anonymous_0)
DA:1,1
DA:2,1
DA:3,1
DA:4,1
DA:15,1
DA:21,1
DA:23,1
DA:39,1
DA:41,1
LF:9
LH:9
BRDA:16,0,0,1
BRF:1
BRH:1
end_of_record
