{"/home/agustinac/repo/personal/GTDFront/src/components/activeTask/ActiveTask.tsx": {"path":"/home/agustinac/repo/personal/GTDFront/src/components/activeTask/ActiveTask.tsx","statementMap":{"0":{"start":{"line":1,"column":0},"end":{"line":1,"column":35}},"1":{"start":{"line":2,"column":0},"end":{"line":2,"column":43}},"2":{"start":{"line":3,"column":0},"end":{"line":3,"column":58}},"3":{"start":{"line":4,"column":0},"end":{"line":4,"column":54}},"4":{"start":{"line":5,"column":0},"end":{"line":5,"column":68}},"5":{"start":{"line":7,"column":0},"end":{"line":7,"column":47}},"6":{"start":{"line":8,"column":0},"end":{"line":8,"column":44}},"7":{"start":{"line":9,"column":0},"end":{"line":9,"column":68}},"8":{"start":{"line":11,"column":26},"end":{"line":47,"column":1}},"9":{"start":{"line":12,"column":28},"end":{"line":12,"column":62}},"10":{"start":{"line":13,"column":26},"end":{"line":13,"column":60}},"11":{"start":{"line":15,"column":27},"end":{"line":17,"column":3}},"12":{"start":{"line":16,"column":4},"end":{"line":16,"column":35}},"13":{"start":{"line":19,"column":2},"end":{"line":46,"column":4}},"14":{"start":{"line":33,"column":14},"end":{"line":41,"column":16}},"15":{"start":{"line":39,"column":36},"end":{"line":39,"column":61}},"16":{"start":{"line":11,"column":13},"end":{"line":11,"column":26}},"17":{"start":{"line":49,"column":26},"end":{"line":71,"column":2}},"18":{"start":{"line":53,"column":4},"end":{"line":70,"column":null}},"19":{"start":{"line":73,"column":29},"end":{"line":90,"column":2}},"20":{"start":{"line":78,"column":4},"end":{"line":89,"column":null}}},"fnMap":{"0":{"name":"(anonymous_0)","decl":{"start":{"line":11,"column":26},"end":{"line":11,"column":48}},"loc":{"start":{"line":11,"column":50},"end":{"line":47,"column":1}}},"1":{"name":"(anonymous_1)","decl":{"start":{"line":15,"column":27},"end":{"line":15,"column":28}},"loc":{"start":{"line":15,"column":42},"end":{"line":17,"column":3}}},"2":{"name":"(anonymous_2)","decl":{"start":{"line":32,"column":17},"end":{"line":32,"column":18}},"loc":{"start":{"line":32,"column":47},"end":{"line":42,"column":13}}},"3":{"name":"(anonymous_3)","decl":{"start":{"line":39,"column":29},"end":{"line":39,"column":30}},"loc":{"start":{"line":39,"column":36},"end":{"line":39,"column":61}}},"4":{"name":"(anonymous_4)","decl":{"start":{"line":52,"column":4},"end":{"line":52,"column":5}},"loc":{"start":{"line":53,"column":4},"end":{"line":70,"column":null}}},"5":{"name":"(anonymous_5)","decl":{"start":{"line":77,"column":4},"end":{"line":77,"column":5}},"loc":{"start":{"line":78,"column":4},"end":{"line":89,"column":null}}}},"branchMap":{"0":{"loc":{"start":{"line":53,"column":4},"end":{"line":70,"column":null}},"type":"cond-expr","locations":[{"start":{"line":54,"column":8},"end":{"line":65,"column":null}},{"start":{"line":66,"column":8},"end":{"line":70,"column":null}}]},"1":{"loc":{"start":{"line":78,"column":4},"end":{"line":89,"column":null}},"type":"cond-expr","locations":[{"start":{"line":79,"column":8},"end":{"line":85,"column":null}},{"start":{"line":86,"column":8},"end":{"line":89,"column":null}}]}},"s":{"0":1,"1":1,"2":1,"3":1,"4":1,"5":1,"6":1,"7":1,"8":1,"9":1,"10":1,"11":1,"12":0,"13":1,"14":0,"15":0,"16":1,"17":1,"18":1,"19":1,"20":1},"f":{"0":1,"1":0,"2":0,"3":0,"4":1,"5":1},"b":{"0":[0,1],"1":[0,1]}}
,"/home/agustinac/repo/personal/GTDFront/src/components/button/Button.tsx": {"path":"/home/agustinac/repo/personal/GTDFront/src/components/button/Button.tsx","statementMap":{"0":{"start":{"line":1,"column":0},"end":{"line":1,"column":29}},"1":{"start":{"line":2,"column":0},"end":{"line":2,"column":43}},"2":{"start":{"line":3,"column":0},"end":{"line":3,"column":65}},"3":{"start":{"line":5,"column":0},"end":{"line":5,"column":45}},"4":{"start":{"line":6,"column":0},"end":{"line":6,"column":47}},"5":{"start":{"line":14,"column":13},"end":{"line":31,"column":2}},"6":{"start":{"line":16,"column":4},"end":{"line":29,"column":6}},"7":{"start":{"line":33,"column":24},"end":{"line":48,"column":2}},"8":{"start":{"line":50,"column":19},"end":{"line":52,"column":2}},"9":{"start":{"line":54,"column":13},"end":{"line":57,"column":2}}},"fnMap":{"0":{"name":"(anonymous_0)","decl":{"start":{"line":15,"column":2},"end":{"line":15,"column":3}},"loc":{"start":{"line":15,"column":62},"end":{"line":30,"column":3}}}},"branchMap":{"0":{"loc":{"start":{"line":22,"column":9},"end":{"line":26,"column":null}},"type":"binary-expr","locations":[{"start":{"line":22,"column":9},"end":{"line":22,"column":13}},{"start":{"line":23,"column":10},"end":{"line":25,"column":null}}]}},"s":{"0":3,"1":3,"2":3,"3":3,"4":3,"5":3,"6":2,"7":3,"8":3,"9":3},"f":{"0":2},"b":{"0":[2,1]}}
,"/home/agustinac/repo/personal/GTDFront/src/components/cancelList/CancelList.tsx": {"path":"/home/agustinac/repo/personal/GTDFront/src/components/cancelList/CancelList.tsx","statementMap":{"0":{"start":{"line":1,"column":0},"end":{"line":1,"column":43}},"1":{"start":{"line":2,"column":0},"end":{"line":2,"column":58}},"2":{"start":{"line":3,"column":0},"end":{"line":3,"column":35}},"3":{"start":{"line":4,"column":0},"end":{"line":4,"column":36}},"4":{"start":{"line":5,"column":0},"end":{"line":5,"column":68}},"5":{"start":{"line":6,"column":0},"end":{"line":6,"column":47}},"6":{"start":{"line":7,"column":0},"end":{"line":7,"column":44}},"7":{"start":{"line":8,"column":0},"end":{"line":8,"column":68}},"8":{"start":{"line":11,"column":26},"end":{"line":34,"column":1}},"9":{"start":{"line":12,"column":27},"end":{"line":12,"column":61}},"10":{"start":{"line":13,"column":26},"end":{"line":13,"column":60}},"11":{"start":{"line":15,"column":2},"end":{"line":33,"column":4}},"12":{"start":{"line":23,"column":12},"end":{"line":28,"column":14}},"13":{"start":{"line":11,"column":13},"end":{"line":11,"column":26}},"14":{"start":{"line":36,"column":23},"end":{"line":46,"column":2}},"15":{"start":{"line":48,"column":27},"end":{"line":62,"column":2}},"16":{"start":{"line":50,"column":4},"end":{"line":61,"column":null}}},"fnMap":{"0":{"name":"(anonymous_0)","decl":{"start":{"line":11,"column":26},"end":{"line":11,"column":48}},"loc":{"start":{"line":11,"column":50},"end":{"line":34,"column":1}}},"1":{"name":"(anonymous_1)","decl":{"start":{"line":22,"column":53},"end":{"line":22,"column":54}},"loc":{"start":{"line":22,"column":68},"end":{"line":29,"column":11}}},"2":{"name":"(anonymous_2)","decl":{"start":{"line":49,"column":4},"end":{"line":49,"column":5}},"loc":{"start":{"line":50,"column":4},"end":{"line":61,"column":null}}}},"branchMap":{"0":{"loc":{"start":{"line":50,"column":4},"end":{"line":61,"column":null}},"type":"cond-expr","locations":[{"start":{"line":51,"column":8},"end":{"line":57,"column":null}},{"start":{"line":58,"column":8},"end":{"line":61,"column":null}}]}},"s":{"0":1,"1":1,"2":1,"3":1,"4":1,"5":1,"6":1,"7":1,"8":1,"9":1,"10":1,"11":1,"12":0,"13":1,"14":1,"15":1,"16":1},"f":{"0":1,"1":0,"2":1},"b":{"0":[0,1]}}
,"/home/agustinac/repo/personal/GTDFront/src/components/card/Card.tsx": {"path":"/home/agustinac/repo/personal/GTDFront/src/components/card/Card.tsx","statementMap":{"0":{"start":{"line":1,"column":0},"end":{"line":1,"column":29}},"1":{"start":{"line":2,"column":0},"end":{"line":2,"column":43}},"2":{"start":{"line":3,"column":0},"end":{"line":3,"column":46}},"3":{"start":{"line":11,"column":13},"end":{"line":27,"column":2}},"4":{"start":{"line":17,"column":4},"end":{"line":25,"column":6}},"5":{"start":{"line":29,"column":15},"end":{"line":39,"column":2}},"6":{"start":{"line":36,"column":16},"end":{"line":36,"column":72}},"7":{"start":{"line":37,"column":16},"end":{"line":37,"column":76}},"8":{"start":{"line":38,"column":16},"end":{"line":38,"column":63}}},"fnMap":{"0":{"name":"(anonymous_0)","decl":{"start":{"line":12,"column":2},"end":{"line":12,"column":3}},"loc":{"start":{"line":16,"column":37},"end":{"line":26,"column":3}}},"1":{"name":"(anonymous_1)","decl":{"start":{"line":36,"column":4},"end":{"line":36,"column":5}},"loc":{"start":{"line":36,"column":16},"end":{"line":36,"column":72}}},"2":{"name":"(anonymous_2)","decl":{"start":{"line":37,"column":4},"end":{"line":37,"column":5}},"loc":{"start":{"line":37,"column":16},"end":{"line":37,"column":76}}},"3":{"name":"(anonymous_3)","decl":{"start":{"line":38,"column":4},"end":{"line":38,"column":5}},"loc":{"start":{"line":38,"column":16},"end":{"line":38,"column":63}}}},"branchMap":{"0":{"loc":{"start":{"line":15,"column":4},"end":{"line":15,"column":18}},"type":"default-arg","locations":[{"start":{"line":15,"column":14},"end":{"line":15,"column":18}}]},"1":{"loc":{"start":{"line":36,"column":16},"end":{"line":36,"column":72}},"type":"cond-expr","locations":[{"start":{"line":36,"column":45},"end":{"line":36,"column":67}},{"start":{"line":36,"column":70},"end":{"line":36,"column":72}}]},"2":{"loc":{"start":{"line":37,"column":16},"end":{"line":37,"column":76}},"type":"cond-expr","locations":[{"start":{"line":37,"column":45},"end":{"line":37,"column":71}},{"start":{"line":37,"column":74},"end":{"line":37,"column":76}}]},"3":{"loc":{"start":{"line":38,"column":16},"end":{"line":38,"column":63}},"type":"cond-expr","locations":[{"start":{"line":38,"column":43},"end":{"line":38,"column":58}},{"start":{"line":38,"column":61},"end":{"line":38,"column":63}}]}},"s":{"0":3,"1":3,"2":3,"3":3,"4":6,"5":3,"6":6,"7":6,"8":6},"f":{"0":6,"1":6,"2":6,"3":6},"b":{"0":[2],"1":[2,4],"2":[2,4],"3":[2,4]}}
,"/home/agustinac/repo/personal/GTDFront/src/components/cardWithTile/CardWithTitle.tsx": {"path":"/home/agustinac/repo/personal/GTDFront/src/components/cardWithTile/CardWithTitle.tsx","statementMap":{"0":{"start":{"line":1,"column":0},"end":{"line":1,"column":43}},"1":{"start":{"line":2,"column":0},"end":{"line":2,"column":36}},"2":{"start":{"line":3,"column":0},"end":{"line":3,"column":45}},"3":{"start":{"line":4,"column":0},"end":{"line":4,"column":47}},"4":{"start":{"line":5,"column":0},"end":{"line":5,"column":29}},"5":{"start":{"line":14,"column":13},"end":{"line":26,"column":2}},"6":{"start":{"line":16,"column":4},"end":{"line":24,"column":6}},"7":{"start":{"line":28,"column":25},"end":{"line":41,"column":2}},"8":{"start":{"line":35,"column":4},"end":{"line":35,"column":66}},"9":{"start":{"line":43,"column":21},"end":{"line":46,"column":2}}},"fnMap":{"0":{"name":"(anonymous_0)","decl":{"start":{"line":15,"column":2},"end":{"line":15,"column":3}},"loc":{"start":{"line":15,"column":72},"end":{"line":25,"column":3}}},"1":{"name":"(anonymous_1)","decl":{"start":{"line":34,"column":4},"end":{"line":34,"column":5}},"loc":{"start":{"line":34,"column":13},"end":{"line":36,"column":3}}}},"branchMap":{"0":{"loc":{"start":{"line":35,"column":11},"end":{"line":35,"column":65}},"type":"cond-expr","locations":[{"start":{"line":35,"column":27},"end":{"line":35,"column":29}},{"start":{"line":35,"column":32},"end":{"line":35,"column":65}}]}},"s":{"0":1,"1":1,"2":1,"3":1,"4":1,"5":1,"6":4,"7":1,"8":4,"9":1},"f":{"0":4,"1":4},"b":{"0":[0,4]}}
,"/home/agustinac/repo/personal/GTDFront/src/components/carrusel/Carrusel.tsx": {"path":"/home/agustinac/repo/personal/GTDFront/src/components/carrusel/Carrusel.tsx","statementMap":{"0":{"start":{"line":1,"column":0},"end":{"line":1,"column":43}},"1":{"start":{"line":2,"column":0},"end":{"line":2,"column":50}},"2":{"start":{"line":8,"column":13},"end":{"line":71,"column":3}},"3":{"start":{"line":9,"column":42},"end":{"line":9,"column":53}},"4":{"start":{"line":10,"column":30},"end":{"line":10,"column":55}},"5":{"start":{"line":11,"column":44},"end":{"line":11,"column":58}},"6":{"start":{"line":13,"column":15},"end":{"line":17,"column":3}},"7":{"start":{"line":14,"column":4},"end":{"line":16,"column":null}},"8":{"start":{"line":15,"column":6},"end":{"line":15,"column":52}},"9":{"start":{"line":15,"column":37},"end":{"line":15,"column":50}},"10":{"start":{"line":19,"column":15},"end":{"line":23,"column":3}},"11":{"start":{"line":20,"column":4},"end":{"line":22,"column":null}},"12":{"start":{"line":21,"column":6},"end":{"line":21,"column":52}},"13":{"start":{"line":21,"column":37},"end":{"line":21,"column":50}},"14":{"start":{"line":25,"column":27},"end":{"line":28,"column":3}},"15":{"start":{"line":26,"column":22},"end":{"line":26,"column":42}},"16":{"start":{"line":27,"column":4},"end":{"line":27,"column":32}},"17":{"start":{"line":30,"column":26},"end":{"line":49,"column":3}},"18":{"start":{"line":31,"column":22},"end":{"line":31,"column":35}},"19":{"start":{"line":33,"column":4},"end":{"line":35,"column":null}},"20":{"start":{"line":34,"column":6},"end":{"line":34,"column":13}},"21":{"start":{"line":37,"column":25},"end":{"line":37,"column":45}},"22":{"start":{"line":38,"column":17},"end":{"line":38,"column":41}},"23":{"start":{"line":40,"column":4},"end":{"line":42,"column":null}},"24":{"start":{"line":41,"column":6},"end":{"line":41,"column":13}},"25":{"start":{"line":44,"column":4},"end":{"line":46,"column":null}},"26":{"start":{"line":45,"column":6},"end":{"line":45,"column":13}},"27":{"start":{"line":48,"column":4},"end":{"line":48,"column":27}},"28":{"start":{"line":51,"column":2},"end":{"line":53,"column":17}},"29":{"start":{"line":52,"column":4},"end":{"line":52,"column":31}},"30":{"start":{"line":55,"column":2},"end":{"line":70,"column":4}},"31":{"start":{"line":73,"column":26},"end":{"line":80,"column":2}},"32":{"start":{"line":82,"column":24},"end":{"line":85,"column":2}},"33":{"start":{"line":87,"column":31},"end":{"line":89,"column":2}},"34":{"start":{"line":91,"column":24},"end":{"line":103,"column":2}},"35":{"start":{"line":93,"column":38},"end":{"line":93,"column":62}},"36":{"start":{"line":95,"column":40},"end":{"line":95,"column":65}}},"fnMap":{"0":{"name":"(anonymous_0)","decl":{"start":{"line":8,"column":29},"end":{"line":8,"column":30}},"loc":{"start":{"line":8,"column":75},"end":{"line":71,"column":1}}},"1":{"name":"(anonymous_1)","decl":{"start":{"line":13,"column":15},"end":{"line":13,"column":18}},"loc":{"start":{"line":13,"column":20},"end":{"line":17,"column":3}}},"2":{"name":"(anonymous_2)","decl":{"start":{"line":15,"column":22},"end":{"line":15,"column":23}},"loc":{"start":{"line":15,"column":37},"end":{"line":15,"column":50}}},"3":{"name":"(anonymous_3)","decl":{"start":{"line":19,"column":15},"end":{"line":19,"column":18}},"loc":{"start":{"line":19,"column":20},"end":{"line":23,"column":3}}},"4":{"name":"(anonymous_4)","decl":{"start":{"line":21,"column":22},"end":{"line":21,"column":23}},"loc":{"start":{"line":21,"column":37},"end":{"line":21,"column":50}}},"5":{"name":"(anonymous_5)","decl":{"start":{"line":25,"column":27},"end":{"line":25,"column":28}},"loc":{"start":{"line":25,"column":38},"end":{"line":28,"column":3}}},"6":{"name":"(anonymous_6)","decl":{"start":{"line":30,"column":26},"end":{"line":30,"column":27}},"loc":{"start":{"line":30,"column":37},"end":{"line":49,"column":3}}},"7":{"name":"(anonymous_7)","decl":{"start":{"line":51,"column":12},"end":{"line":51,"column":15}},"loc":{"start":{"line":51,"column":17},"end":{"line":53,"column":3}}},"8":{"name":"(anonymous_8)","decl":{"start":{"line":93,"column":27},"end":{"line":93,"column":28}},"loc":{"start":{"line":93,"column":38},"end":{"line":93,"column":62}}},"9":{"name":"(anonymous_9)","decl":{"start":{"line":95,"column":29},"end":{"line":95,"column":30}},"loc":{"start":{"line":95,"column":40},"end":{"line":95,"column":65}}}},"branchMap":{"0":{"loc":{"start":{"line":14,"column":4},"end":{"line":16,"column":null}},"type":"if","locations":[{"start":{"line":14,"column":4},"end":{"line":16,"column":null}}]},"1":{"loc":{"start":{"line":20,"column":4},"end":{"line":22,"column":null}},"type":"if","locations":[{"start":{"line":20,"column":4},"end":{"line":22,"column":null}}]},"2":{"loc":{"start":{"line":33,"column":4},"end":{"line":35,"column":null}},"type":"if","locations":[{"start":{"line":33,"column":4},"end":{"line":35,"column":null}}]},"3":{"loc":{"start":{"line":40,"column":4},"end":{"line":42,"column":null}},"type":"if","locations":[{"start":{"line":40,"column":4},"end":{"line":42,"column":null}}]},"4":{"loc":{"start":{"line":44,"column":4},"end":{"line":46,"column":null}},"type":"if","locations":[{"start":{"line":44,"column":4},"end":{"line":46,"column":null}}]}},"s":{"0":1,"1":1,"2":1,"3":0,"4":0,"5":0,"6":0,"7":0,"8":0,"9":0,"10":0,"11":0,"12":0,"13":0,"14":0,"15":0,"16":0,"17":0,"18":0,"19":0,"20":0,"21":0,"22":0,"23":0,"24":0,"25":0,"26":0,"27":0,"28":0,"29":0,"30":0,"31":1,"32":1,"33":1,"34":1,"35":0,"36":0},"f":{"0":0,"1":0,"2":0,"3":0,"4":0,"5":0,"6":0,"7":0,"8":0,"9":0},"b":{"0":[0],"1":[0],"2":[0],"3":[0],"4":[0]}}
,"/home/agustinac/repo/personal/GTDFront/src/components/doneList/DoneList.tsx": {"path":"/home/agustinac/repo/personal/GTDFront/src/components/doneList/DoneList.tsx","statementMap":{"0":{"start":{"line":1,"column":0},"end":{"line":1,"column":43}},"1":{"start":{"line":2,"column":0},"end":{"line":2,"column":58}},"2":{"start":{"line":3,"column":0},"end":{"line":3,"column":35}},"3":{"start":{"line":4,"column":0},"end":{"line":4,"column":36}},"4":{"start":{"line":5,"column":0},"end":{"line":5,"column":36}},"5":{"start":{"line":6,"column":0},"end":{"line":6,"column":68}},"6":{"start":{"line":7,"column":0},"end":{"line":7,"column":47}},"7":{"start":{"line":8,"column":0},"end":{"line":8,"column":44}},"8":{"start":{"line":9,"column":0},"end":{"line":9,"column":68}},"9":{"start":{"line":12,"column":24},"end":{"line":35,"column":1}},"10":{"start":{"line":13,"column":27},"end":{"line":13,"column":61}},"11":{"start":{"line":14,"column":26},"end":{"line":14,"column":60}},"12":{"start":{"line":16,"column":2},"end":{"line":34,"column":4}},"13":{"start":{"line":24,"column":12},"end":{"line":29,"column":14}},"14":{"start":{"line":12,"column":13},"end":{"line":12,"column":24}},"15":{"start":{"line":37,"column":23},"end":{"line":47,"column":2}},"16":{"start":{"line":49,"column":27},"end":{"line":63,"column":2}},"17":{"start":{"line":51,"column":4},"end":{"line":62,"column":null}}},"fnMap":{"0":{"name":"(anonymous_0)","decl":{"start":{"line":12,"column":24},"end":{"line":12,"column":46}},"loc":{"start":{"line":12,"column":48},"end":{"line":35,"column":1}}},"1":{"name":"(anonymous_1)","decl":{"start":{"line":23,"column":51},"end":{"line":23,"column":52}},"loc":{"start":{"line":23,"column":66},"end":{"line":30,"column":11}}},"2":{"name":"(anonymous_2)","decl":{"start":{"line":50,"column":4},"end":{"line":50,"column":5}},"loc":{"start":{"line":51,"column":4},"end":{"line":62,"column":null}}}},"branchMap":{"0":{"loc":{"start":{"line":51,"column":4},"end":{"line":62,"column":null}},"type":"cond-expr","locations":[{"start":{"line":52,"column":8},"end":{"line":58,"column":null}},{"start":{"line":59,"column":8},"end":{"line":62,"column":null}}]}},"s":{"0":1,"1":1,"2":1,"3":1,"4":1,"5":1,"6":1,"7":1,"8":1,"9":1,"10":1,"11":1,"12":1,"13":0,"14":1,"15":1,"16":1,"17":1},"f":{"0":1,"1":0,"2":1},"b":{"0":[0,1]}}
,"/home/agustinac/repo/personal/GTDFront/src/components/item/Item.tsx": {"path":"/home/agustinac/repo/personal/GTDFront/src/components/item/Item.tsx","statementMap":{"0":{"start":{"line":1,"column":0},"end":{"line":1,"column":43}},"1":{"start":{"line":2,"column":0},"end":{"line":2,"column":65}},"2":{"start":{"line":3,"column":0},"end":{"line":3,"column":60}},"3":{"start":{"line":4,"column":0},"end":{"line":4,"column":45}},"4":{"start":{"line":5,"column":0},"end":{"line":5,"column":29}},"5":{"start":{"line":6,"column":0},"end":{"line":6,"column":47}},"6":{"start":{"line":14,"column":13},"end":{"line":29,"column":2}},"7":{"start":{"line":16,"column":4},"end":{"line":27,"column":6}},"8":{"start":{"line":30,"column":22},"end":{"line":30,"column":34}},"9":{"start":{"line":32,"column":20},"end":{"line":41,"column":2}},"10":{"start":{"line":43,"column":17},"end":{"line":47,"column":2}},"11":{"start":{"line":49,"column":13},"end":{"line":52,"column":2}}},"fnMap":{"0":{"name":"(anonymous_0)","decl":{"start":{"line":15,"column":2},"end":{"line":15,"column":3}},"loc":{"start":{"line":15,"column":68},"end":{"line":28,"column":3}}}},"branchMap":{},"s":{"0":1,"1":1,"2":1,"3":1,"4":1,"5":1,"6":1,"7":0,"8":1,"9":1,"10":1,"11":1},"f":{"0":0},"b":{}}
,"/home/agustinac/repo/personal/GTDFront/src/components/itemButton/ItemButton.tsx": {"path":"/home/agustinac/repo/personal/GTDFront/src/components/itemButton/ItemButton.tsx","statementMap":{"0":{"start":{"line":1,"column":0},"end":{"line":1,"column":43}},"1":{"start":{"line":2,"column":0},"end":{"line":2,"column":37}},"2":{"start":{"line":3,"column":0},"end":{"line":3,"column":65}},"3":{"start":{"line":4,"column":0},"end":{"line":4,"column":59}},"4":{"start":{"line":5,"column":0},"end":{"line":5,"column":53}},"5":{"start":{"line":6,"column":0},"end":{"line":6,"column":53}},"6":{"start":{"line":15,"column":13},"end":{"line":57,"column":2}},"7":{"start":{"line":22,"column":25},"end":{"line":22,"column":38}},"8":{"start":{"line":24,"column":23},"end":{"line":28,"column":5}},"9":{"start":{"line":25,"column":6},"end":{"line":27,"column":null}},"10":{"start":{"line":26,"column":8},"end":{"line":26,"column":37}},"11":{"start":{"line":30,"column":27},"end":{"line":36,"column":5}},"12":{"start":{"line":31,"column":22},"end":{"line":31,"column":35}},"13":{"start":{"line":32,"column":6},"end":{"line":35,"column":null}},"14":{"start":{"line":33,"column":8},"end":{"line":33,"column":31}},"15":{"start":{"line":34,"column":8},"end":{"line":34,"column":22}},"16":{"start":{"line":38,"column":4},"end":{"line":55,"column":6}},"17":{"start":{"line":59,"column":20},"end":{"line":68,"column":2}},"18":{"start":{"line":70,"column":21},"end":{"line":81,"column":2}},"19":{"start":{"line":83,"column":13},"end":{"line":86,"column":2}}},"fnMap":{"0":{"name":"(anonymous_0)","decl":{"start":{"line":16,"column":2},"end":{"line":16,"column":3}},"loc":{"start":{"line":21,"column":46},"end":{"line":56,"column":3}}},"1":{"name":"(anonymous_1)","decl":{"start":{"line":24,"column":23},"end":{"line":24,"column":24}},"loc":{"start":{"line":24,"column":38},"end":{"line":28,"column":5}}},"2":{"name":"(anonymous_2)","decl":{"start":{"line":30,"column":27},"end":{"line":30,"column":28}},"loc":{"start":{"line":30,"column":42},"end":{"line":36,"column":5}}}},"branchMap":{"0":{"loc":{"start":{"line":25,"column":6},"end":{"line":27,"column":null}},"type":"if","locations":[{"start":{"line":25,"column":6},"end":{"line":27,"column":null}}]},"1":{"loc":{"start":{"line":32,"column":6},"end":{"line":35,"column":null}},"type":"if","locations":[{"start":{"line":32,"column":6},"end":{"line":35,"column":null}}]}},"s":{"0":1,"1":1,"2":1,"3":1,"4":1,"5":1,"6":1,"7":1,"8":1,"9":0,"10":0,"11":1,"12":0,"13":0,"14":0,"15":0,"16":1,"17":1,"18":1,"19":1},"f":{"0":1,"1":0,"2":0},"b":{"0":[0],"1":[0]}}
,"/home/agustinac/repo/personal/GTDFront/src/components/itemList/ItemList.tsx": {"path":"/home/agustinac/repo/personal/GTDFront/src/components/itemList/ItemList.tsx","statementMap":{"0":{"start":{"line":1,"column":0},"end":{"line":1,"column":43}},"1":{"start":{"line":2,"column":0},"end":{"line":2,"column":58}},"2":{"start":{"line":3,"column":0},"end":{"line":3,"column":45}},"3":{"start":{"line":4,"column":0},"end":{"line":4,"column":57}},"4":{"start":{"line":5,"column":0},"end":{"line":5,"column":69}},"5":{"start":{"line":6,"column":0},"end":{"line":6,"column":68}},"6":{"start":{"line":8,"column":0},"end":{"line":8,"column":47}},"7":{"start":{"line":9,"column":0},"end":{"line":9,"column":44}},"8":{"start":{"line":10,"column":0},"end":{"line":10,"column":68}},"9":{"start":{"line":11,"column":0},"end":{"line":11,"column":59}},"10":{"start":{"line":12,"column":0},"end":{"line":12,"column":56}},"11":{"start":{"line":14,"column":24},"end":{"line":120,"column":1}},"12":{"start":{"line":15,"column":27},"end":{"line":15,"column":61}},"13":{"start":{"line":16,"column":26},"end":{"line":16,"column":60}},"14":{"start":{"line":17,"column":23},"end":{"line":17,"column":47}},"15":{"start":{"line":18,"column":28},"end":{"line":18,"column":48}},"16":{"start":{"line":20,"column":20},"end":{"line":33,"column":3}},"17":{"start":{"line":21,"column":4},"end":{"line":32,"column":null}},"18":{"start":{"line":22,"column":6},"end":{"line":22,"column":58}},"19":{"start":{"line":23,"column":6},"end":{"line":23,"column":19}},"20":{"start":{"line":24,"column":6},"end":{"line":31,"column":9}},"21":{"start":{"line":35,"column":29},"end":{"line":59,"column":3}},"22":{"start":{"line":41,"column":6},"end":{"line":41,"column":49}},"23":{"start":{"line":43,"column":4},"end":{"line":58,"column":null}},"24":{"start":{"line":44,"column":6},"end":{"line":47,"column":8}},"25":{"start":{"line":48,"column":6},"end":{"line":48,"column":49}},"26":{"start":{"line":50,"column":6},"end":{"line":57,"column":9}},"27":{"start":{"line":61,"column":23},"end":{"line":71,"column":3}},"28":{"start":{"line":62,"column":4},"end":{"line":62,"column":40}},"29":{"start":{"line":63,"column":4},"end":{"line":70,"column":7}},"30":{"start":{"line":73,"column":23},"end":{"line":85,"column":3}},"31":{"start":{"line":74,"column":4},"end":{"line":84,"column":null}},"32":{"start":{"line":75,"column":6},"end":{"line":75,"column":42}},"33":{"start":{"line":76,"column":6},"end":{"line":83,"column":9}},"34":{"start":{"line":87,"column":25},"end":{"line":89,"column":3}},"35":{"start":{"line":88,"column":4},"end":{"line":88,"column":33}},"36":{"start":{"line":91,"column":2},"end":{"line":119,"column":4}},"37":{"start":{"line":99,"column":12},"end":{"line":109,"column":14}},"38":{"start":{"line":103,"column":31},"end":{"line":103,"column":52}},"39":{"start":{"line":104,"column":32},"end":{"line":104,"column":53}},"40":{"start":{"line":106,"column":18},"end":{"line":106,"column":63}},"41":{"start":{"line":14,"column":13},"end":{"line":14,"column":24}},"42":{"start":{"line":122,"column":23},"end":{"line":124,"column":2}},"43":{"start":{"line":126,"column":23},"end":{"line":136,"column":2}},"44":{"start":{"line":138,"column":27},"end":{"line":152,"column":2}},"45":{"start":{"line":140,"column":4},"end":{"line":151,"column":null}}},"fnMap":{"0":{"name":"(anonymous_0)","decl":{"start":{"line":14,"column":24},"end":{"line":14,"column":46}},"loc":{"start":{"line":14,"column":48},"end":{"line":120,"column":1}}},"1":{"name":"(anonymous_1)","decl":{"start":{"line":20,"column":20},"end":{"line":20,"column":21}},"loc":{"start":{"line":20,"column":35},"end":{"line":33,"column":3}}},"2":{"name":"(anonymous_2)","decl":{"start":{"line":35,"column":29},"end":{"line":35,"column":null}},"loc":{"start":{"line":39,"column":6},"end":{"line":59,"column":3}}},"3":{"name":"(anonymous_3)","decl":{"start":{"line":61,"column":23},"end":{"line":61,"column":24}},"loc":{"start":{"line":61,"column":42},"end":{"line":71,"column":3}}},"4":{"name":"(anonymous_4)","decl":{"start":{"line":73,"column":23},"end":{"line":73,"column":24}},"loc":{"start":{"line":73,"column":42},"end":{"line":85,"column":3}}},"5":{"name":"(anonymous_5)","decl":{"start":{"line":87,"column":25},"end":{"line":87,"column":26}},"loc":{"start":{"line":87,"column":40},"end":{"line":89,"column":3}}},"6":{"name":"(anonymous_6)","decl":{"start":{"line":98,"column":52},"end":{"line":98,"column":53}},"loc":{"start":{"line":98,"column":67},"end":{"line":110,"column":11}}},"7":{"name":"(anonymous_7)","decl":{"start":{"line":103,"column":25},"end":{"line":103,"column":28}},"loc":{"start":{"line":103,"column":31},"end":{"line":103,"column":52}}},"8":{"name":"(anonymous_8)","decl":{"start":{"line":104,"column":26},"end":{"line":104,"column":29}},"loc":{"start":{"line":104,"column":32},"end":{"line":104,"column":53}}},"9":{"name":"(anonymous_9)","decl":{"start":{"line":105,"column":25},"end":{"line":105,"column":26}},"loc":{"start":{"line":106,"column":18},"end":{"line":106,"column":63}}},"10":{"name":"(anonymous_10)","decl":{"start":{"line":139,"column":4},"end":{"line":139,"column":5}},"loc":{"start":{"line":140,"column":4},"end":{"line":151,"column":null}}}},"branchMap":{"0":{"loc":{"start":{"line":21,"column":4},"end":{"line":32,"column":null}},"type":"if","locations":[{"start":{"line":21,"column":4},"end":{"line":32,"column":null}}]},"1":{"loc":{"start":{"line":43,"column":4},"end":{"line":58,"column":null}},"type":"if","locations":[{"start":{"line":43,"column":4},"end":{"line":58,"column":null}}]},"2":{"loc":{"start":{"line":74,"column":4},"end":{"line":84,"column":null}},"type":"if","locations":[{"start":{"line":74,"column":4},"end":{"line":84,"column":null}}]},"3":{"loc":{"start":{"line":140,"column":4},"end":{"line":151,"column":null}},"type":"cond-expr","locations":[{"start":{"line":141,"column":8},"end":{"line":147,"column":null}},{"start":{"line":148,"column":8},"end":{"line":151,"column":null}}]}},"s":{"0":1,"1":1,"2":1,"3":1,"4":1,"5":1,"6":1,"7":1,"8":1,"9":1,"10":1,"11":1,"12":1,"13":1,"14":1,"15":1,"16":1,"17":0,"18":0,"19":0,"20":0,"21":1,"22":0,"23":0,"24":0,"25":0,"26":0,"27":1,"28":0,"29":0,"30":1,"31":0,"32":0,"33":0,"34":1,"35":0,"36":1,"37":0,"38":0,"39":0,"40":0,"41":1,"42":1,"43":1,"44":1,"45":1},"f":{"0":1,"1":0,"2":0,"3":0,"4":0,"5":0,"6":0,"7":0,"8":0,"9":0,"10":1},"b":{"0":[0],"1":[0],"2":[0],"3":[0,1]}}
,"/home/agustinac/repo/personal/GTDFront/src/components/itemWithActions/ItemWithActions.tsx": {"path":"/home/agustinac/repo/personal/GTDFront/src/components/itemWithActions/ItemWithActions.tsx","statementMap":{"0":{"start":{"line":1,"column":0},"end":{"line":1,"column":43}},"1":{"start":{"line":2,"column":0},"end":{"line":2,"column":76}},"2":{"start":{"line":3,"column":0},"end":{"line":3,"column":39}},"3":{"start":{"line":4,"column":0},"end":{"line":4,"column":42}},"4":{"start":{"line":5,"column":0},"end":{"line":5,"column":57}},"5":{"start":{"line":6,"column":0},"end":{"line":6,"column":36}},"6":{"start":{"line":20,"column":18},"end":{"line":68,"column":1}},"7":{"start":{"line":21,"column":38},"end":{"line":21,"column":50}},"8":{"start":{"line":22,"column":38},"end":{"line":22,"column":50}},"9":{"start":{"line":24,"column":26},"end":{"line":26,"column":3}},"10":{"start":{"line":25,"column":4},"end":{"line":25,"column":38}},"11":{"start":{"line":28,"column":26},"end":{"line":30,"column":3}},"12":{"start":{"line":29,"column":4},"end":{"line":29,"column":38}},"13":{"start":{"line":32,"column":2},"end":{"line":67,"column":4}},"14":{"start":{"line":38,"column":12},"end":{"line":38,"column":19}},"15":{"start":{"line":46,"column":12},"end":{"line":46,"column":19}},"16":{"start":{"line":55,"column":12},"end":{"line":55,"column":44}},"17":{"start":{"line":70,"column":13},"end":{"line":137,"column":2}},"18":{"start":{"line":72,"column":40},"end":{"line":72,"column":64}},"19":{"start":{"line":73,"column":38},"end":{"line":73,"column":62}},"20":{"start":{"line":75,"column":34},"end":{"line":77,"column":5}},"21":{"start":{"line":76,"column":6},"end":{"line":76,"column":38}},"22":{"start":{"line":79,"column":28},"end":{"line":82,"column":5}},"23":{"start":{"line":80,"column":6},"end":{"line":80,"column":22}},"24":{"start":{"line":81,"column":6},"end":{"line":81,"column":68}},"25":{"start":{"line":81,"column":36},"end":{"line":81,"column":68}},"26":{"start":{"line":84,"column":26},"end":{"line":87,"column":5}},"27":{"start":{"line":85,"column":6},"end":{"line":85,"column":27}},"28":{"start":{"line":86,"column":6},"end":{"line":86,"column":26}},"29":{"start":{"line":89,"column":4},"end":{"line":135,"column":6}},"30":{"start":{"line":90,"column":41},"end":{"line":90,"column":61}},"31":{"start":{"line":93,"column":29},"end":{"line":93,"column":48}},"32":{"start":{"line":94,"column":25},"end":{"line":94,"column":51}},"33":{"start":{"line":108,"column":16},"end":{"line":108,"column":37}},"34":{"start":{"line":109,"column":16},"end":{"line":109,"column":26}},"35":{"start":{"line":119,"column":16},"end":{"line":119,"column":37}},"36":{"start":{"line":120,"column":16},"end":{"line":120,"column":35}},"37":{"start":{"line":127,"column":16},"end":{"line":127,"column":37}},"38":{"start":{"line":128,"column":16},"end":{"line":128,"column":27}},"39":{"start":{"line":139,"column":28},"end":{"line":141,"column":2}},"40":{"start":{"line":143,"column":22},"end":{"line":143,"column":34}},"41":{"start":{"line":145,"column":24},"end":{"line":153,"column":2}}},"fnMap":{"0":{"name":"(anonymous_0)","decl":{"start":{"line":20,"column":18},"end":{"line":20,"column":19}},"loc":{"start":{"line":20,"column":60},"end":{"line":68,"column":1}}},"1":{"name":"(anonymous_1)","decl":{"start":{"line":24,"column":26},"end":{"line":24,"column":27}},"loc":{"start":{"line":24,"column":41},"end":{"line":26,"column":3}}},"2":{"name":"(anonymous_2)","decl":{"start":{"line":28,"column":26},"end":{"line":28,"column":27}},"loc":{"start":{"line":28,"column":41},"end":{"line":30,"column":3}}},"3":{"name":"(anonymous_3)","decl":{"start":{"line":37,"column":18},"end":{"line":37,"column":21}},"loc":{"start":{"line":37,"column":23},"end":{"line":39,"column":11}}},"4":{"name":"(anonymous_4)","decl":{"start":{"line":45,"column":18},"end":{"line":45,"column":21}},"loc":{"start":{"line":45,"column":23},"end":{"line":47,"column":11}}},"5":{"name":"(anonymous_5)","decl":{"start":{"line":54,"column":19},"end":{"line":54,"column":22}},"loc":{"start":{"line":54,"column":24},"end":{"line":56,"column":11}}},"6":{"name":"(anonymous_6)","decl":{"start":{"line":71,"column":2},"end":{"line":71,"column":3}},"loc":{"start":{"line":71,"column":74},"end":{"line":136,"column":3}}},"7":{"name":"(anonymous_7)","decl":{"start":{"line":75,"column":34},"end":{"line":75,"column":46}},"loc":{"start":{"line":75,"column":48},"end":{"line":77,"column":5}}},"8":{"name":"(anonymous_8)","decl":{"start":{"line":79,"column":28},"end":{"line":79,"column":29}},"loc":{"start":{"line":79,"column":71},"end":{"line":82,"column":5}}},"9":{"name":"(anonymous_9)","decl":{"start":{"line":84,"column":26},"end":{"line":84,"column":29}},"loc":{"start":{"line":84,"column":31},"end":{"line":87,"column":5}}},"10":{"name":"(anonymous_10)","decl":{"start":{"line":90,"column":35},"end":{"line":90,"column":38}},"loc":{"start":{"line":90,"column":41},"end":{"line":90,"column":61}}},"11":{"name":"(anonymous_11)","decl":{"start":{"line":93,"column":23},"end":{"line":93,"column":26}},"loc":{"start":{"line":93,"column":29},"end":{"line":93,"column":48}}},"12":{"name":"(anonymous_12)","decl":{"start":{"line":94,"column":19},"end":{"line":94,"column":22}},"loc":{"start":{"line":94,"column":25},"end":{"line":94,"column":51}}},"13":{"name":"(anonymous_13)","decl":{"start":{"line":107,"column":23},"end":{"line":107,"column":26}},"loc":{"start":{"line":107,"column":28},"end":{"line":110,"column":15}}},"14":{"name":"(anonymous_14)","decl":{"start":{"line":118,"column":23},"end":{"line":118,"column":26}},"loc":{"start":{"line":118,"column":28},"end":{"line":121,"column":15}}},"15":{"name":"(anonymous_15)","decl":{"start":{"line":126,"column":23},"end":{"line":126,"column":26}},"loc":{"start":{"line":126,"column":28},"end":{"line":129,"column":15}}}},"branchMap":{"0":{"loc":{"start":{"line":76,"column":13},"end":{"line":76,"column":37}},"type":"binary-expr","locations":[{"start":{"line":76,"column":13},"end":{"line":76,"column":23}},{"start":{"line":76,"column":27},"end":{"line":76,"column":37}}]},"1":{"loc":{"start":{"line":81,"column":6},"end":{"line":81,"column":68}},"type":"if","locations":[{"start":{"line":81,"column":6},"end":{"line":81,"column":68}}]},"2":{"loc":{"start":{"line":81,"column":10},"end":{"line":81,"column":34}},"type":"binary-expr","locations":[{"start":{"line":81,"column":10},"end":{"line":81,"column":20}},{"start":{"line":81,"column":24},"end":{"line":81,"column":34}}]},"3":{"loc":{"start":{"line":96,"column":9},"end":{"line":102,"column":null}},"type":"binary-expr","locations":[{"start":{"line":96,"column":9},"end":{"line":96,"column":18}},{"start":{"line":97,"column":10},"end":{"line":101,"column":null}}]},"4":{"loc":{"start":{"line":104,"column":9},"end":{"line":132,"column":null}},"type":"binary-expr","locations":[{"start":{"line":104,"column":9},"end":{"line":104,"column":32}},{"start":{"line":105,"column":10},"end":{"line":131,"column":null}}]}},"s":{"0":1,"1":1,"2":1,"3":1,"4":1,"5":1,"6":1,"7":0,"8":0,"9":0,"10":0,"11":0,"12":0,"13":0,"14":0,"15":0,"16":0,"17":1,"18":0,"19":0,"20":0,"21":0,"22":0,"23":0,"24":0,"25":0,"26":0,"27":0,"28":0,"29":0,"30":0,"31":0,"32":0,"33":0,"34":0,"35":0,"36":0,"37":0,"38":0,"39":1,"40":1,"41":1},"f":{"0":0,"1":0,"2":0,"3":0,"4":0,"5":0,"6":0,"7":0,"8":0,"9":0,"10":0,"11":0,"12":0,"13":0,"14":0,"15":0},"b":{"0":[0,0],"1":[0],"2":[0,0],"3":[0,0],"4":[0,0]}}
,"/home/agustinac/repo/personal/GTDFront/src/components/stickyNote/StickyNote.tsx": {"path":"/home/agustinac/repo/personal/GTDFront/src/components/stickyNote/StickyNote.tsx","statementMap":{"0":{"start":{"line":1,"column":0},"end":{"line":1,"column":39}},"1":{"start":{"line":2,"column":0},"end":{"line":2,"column":43}},"2":{"start":{"line":3,"column":0},"end":{"line":3,"column":60}},"3":{"start":{"line":4,"column":0},"end":{"line":4,"column":65}},"4":{"start":{"line":5,"column":0},"end":{"line":5,"column":45}},"5":{"start":{"line":6,"column":0},"end":{"line":6,"column":62}},"6":{"start":{"line":14,"column":13},"end":{"line":43,"column":2}},"7":{"start":{"line":16,"column":46},"end":{"line":17,"column":null}},"8":{"start":{"line":20,"column":4},"end":{"line":41,"column":6}},"9":{"start":{"line":27,"column":14},"end":{"line":27,"column":47}},"10":{"start":{"line":45,"column":17},"end":{"line":60,"column":2}},"11":{"start":{"line":62,"column":22},"end":{"line":66,"column":2}},"12":{"start":{"line":68,"column":24},"end":{"line":80,"column":2}},"13":{"start":{"line":82,"column":31},"end":{"line":90,"column":2}},"14":{"start":{"line":92,"column":13},"end":{"line":95,"column":2}}},"fnMap":{"0":{"name":"(anonymous_0)","decl":{"start":{"line":15,"column":2},"end":{"line":15,"column":3}},"loc":{"start":{"line":15,"column":70},"end":{"line":42,"column":3}}},"1":{"name":"(anonymous_1)","decl":{"start":{"line":26,"column":22},"end":{"line":26,"column":23}},"loc":{"start":{"line":26,"column":28},"end":{"line":28,"column":13}}}},"branchMap":{},"s":{"0":1,"1":1,"2":1,"3":1,"4":1,"5":1,"6":1,"7":0,"8":0,"9":0,"10":1,"11":1,"12":1,"13":1,"14":1},"f":{"0":0,"1":0},"b":{}}
,"/home/agustinac/repo/personal/GTDFront/src/components/useEvent/useEvent.tsx": {"path":"/home/agustinac/repo/personal/GTDFront/src/components/useEvent/useEvent.tsx","statementMap":{"0":{"start":{"line":1,"column":0},"end":{"line":1,"column":64}},"1":{"start":{"line":2,"column":0},"end":{"line":2,"column":59}},"2":{"start":{"line":3,"column":0},"end":{"line":3,"column":57}},"3":{"start":{"line":4,"column":0},"end":{"line":4,"column":59}},"4":{"start":{"line":6,"column":0},"end":{"line":6,"column":null}},"5":{"start":{"line":7,"column":2},"end":{"line":7,"column":null}},"6":{"start":{"line":10,"column":22},"end":{"line":38,"column":1}},"7":{"start":{"line":17,"column":21},"end":{"line":17,"column":55}},"8":{"start":{"line":18,"column":28},"end":{"line":22,"column":null}},"9":{"start":{"line":19,"column":11},"end":{"line":21,"column":6}},"10":{"start":{"line":25,"column":22},"end":{"line":27,"column":3}},"11":{"start":{"line":26,"column":4},"end":{"line":26,"column":68}},"12":{"start":{"line":26,"column":19},"end":{"line":26,"column":68}},"13":{"start":{"line":29,"column":2},"end":{"line":31,"column":9}},"14":{"start":{"line":30,"column":4},"end":{"line":30,"column":77}},"15":{"start":{"line":30,"column":19},"end":{"line":30,"column":77}},"16":{"start":{"line":33,"column":2},"end":{"line":37,"column":4}},"17":{"start":{"line":40,"column":0},"end":{"line":40,"column":29}}},"fnMap":{"0":{"name":"(anonymous_0)","decl":{"start":{"line":6,"column":0},"end":{"line":6,"column":12}},"loc":{"start":{"line":6,"column":28},"end":{"line":8,"column":1}}},"1":{"name":"(anonymous_1)","decl":{"start":{"line":10,"column":22},"end":{"line":10,"column":23}},"loc":{"start":{"line":16,"column":5},"end":{"line":38,"column":1}}},"2":{"name":"(anonymous_2)","decl":{"start":{"line":19,"column":4},"end":{"line":19,"column":7}},"loc":{"start":{"line":19,"column":11},"end":{"line":21,"column":6}}},"3":{"name":"(anonymous_3)","decl":{"start":{"line":25,"column":22},"end":{"line":25,"column":23}},"loc":{"start":{"line":25,"column":42},"end":{"line":27,"column":3}}},"4":{"name":"(anonymous_4)","decl":{"start":{"line":29,"column":12},"end":{"line":29,"column":15}},"loc":{"start":{"line":29,"column":17},"end":{"line":31,"column":3}}}},"branchMap":{"0":{"loc":{"start":{"line":6,"column":12},"end":{"line":6,"column":null}},"type":"binary-expr","locations":[{"start":{"line":6,"column":12},"end":{"line":6,"column":28}},{"start":{"line":6,"column":12},"end":{"line":6,"column":null}}]},"1":{"loc":{"start":{"line":26,"column":4},"end":{"line":26,"column":68}},"type":"if","locations":[{"start":{"line":26,"column":4},"end":{"line":26,"column":68}}]},"2":{"loc":{"start":{"line":30,"column":4},"end":{"line":30,"column":77}},"type":"if","locations":[{"start":{"line":30,"column":4},"end":{"line":30,"column":77}}]}},"s":{"0":1,"1":1,"2":1,"3":1,"4":1,"5":1,"6":1,"7":1,"8":1,"9":1,"10":1,"11":0,"12":0,"13":1,"14":1,"15":0,"16":1,"17":1},"f":{"0":1,"1":1,"2":1,"3":0,"4":1},"b":{"0":[1,1],"1":[0],"2":[0]}}
,"/home/agustinac/repo/personal/GTDFront/src/components/useGoogleAuth/useGoogleAuth.tsx": {"path":"/home/agustinac/repo/personal/GTDFront/src/components/useGoogleAuth/useGoogleAuth.tsx","statementMap":{"0":{"start":{"line":2,"column":0},"end":{"line":2,"column":58}},"1":{"start":{"line":3,"column":0},"end":{"line":3,"column":48}},"2":{"start":{"line":5,"column":26},"end":{"line":28,"column":1}},"3":{"start":{"line":12,"column":2},"end":{"line":27,"column":4}},"4":{"start":{"line":21,"column":12},"end":{"line":21,"column":41}},"5":{"start":{"line":30,"column":0},"end":{"line":30,"column":33}}},"fnMap":{"0":{"name":"(anonymous_0)","decl":{"start":{"line":5,"column":26},"end":{"line":5,"column":27}},"loc":{"start":{"line":11,"column":5},"end":{"line":28,"column":1}}},"1":{"name":"(anonymous_1)","decl":{"start":{"line":20,"column":19},"end":{"line":20,"column":22}},"loc":{"start":{"line":20,"column":24},"end":{"line":22,"column":11}}}},"branchMap":{"0":{"loc":{"start":{"line":14,"column":7},"end":{"line":24,"column":null}},"type":"cond-expr","locations":[{"start":{"line":15,"column":8},"end":{"line":16,"column":null}},{"start":{"line":19,"column":8},"end":{"line":23,"column":null}}]}},"s":{"0":1,"1":1,"2":1,"3":1,"4":0,"5":1},"f":{"0":1,"1":0},"b":{"0":[1,0]}}
,"/home/agustinac/repo/personal/GTDFront/src/components/userCard/UserCard.tsx": {"path":"/home/agustinac/repo/personal/GTDFront/src/components/userCard/UserCard.tsx","statementMap":{"0":{"start":{"line":1,"column":0},"end":{"line":1,"column":43}},"1":{"start":{"line":2,"column":0},"end":{"line":2,"column":51}},"2":{"start":{"line":3,"column":0},"end":{"line":3,"column":42}},"3":{"start":{"line":4,"column":0},"end":{"line":4,"column":53}},"4":{"start":{"line":5,"column":0},"end":{"line":5,"column":54}},"5":{"start":{"line":6,"column":0},"end":{"line":6,"column":35}},"6":{"start":{"line":7,"column":0},"end":{"line":7,"column":68}},"7":{"start":{"line":15,"column":24},"end":{"line":72,"column":1}},"8":{"start":{"line":20,"column":26},"end":{"line":20,"column":60}},"9":{"start":{"line":22,"column":2},"end":{"line":71,"column":4}},"10":{"start":{"line":15,"column":13},"end":{"line":15,"column":24}},"11":{"start":{"line":74,"column":12},"end":{"line":81,"column":2}},"12":{"start":{"line":83,"column":16},"end":{"line":94,"column":2}},"13":{"start":{"line":96,"column":24},"end":{"line":104,"column":2}},"14":{"start":{"line":97,"column":15},"end":{"line":97,"column":57}},"15":{"start":{"line":106,"column":20},"end":{"line":116,"column":2}},"16":{"start":{"line":107,"column":15},"end":{"line":107,"column":57}},"17":{"start":{"line":118,"column":27},"end":{"line":122,"column":2}},"18":{"start":{"line":124,"column":31},"end":{"line":130,"column":2}},"19":{"start":{"line":132,"column":16},"end":{"line":136,"column":2}},"20":{"start":{"line":138,"column":19},"end":{"line":141,"column":2}},"21":{"start":{"line":143,"column":26},"end":{"line":164,"column":2}},"22":{"start":{"line":151,"column":4},"end":{"line":163,"column":null}}},"fnMap":{"0":{"name":"(anonymous_0)","decl":{"start":{"line":15,"column":24},"end":{"line":15,"column":25}},"loc":{"start":{"line":19,"column":39},"end":{"line":72,"column":1}}},"1":{"name":"(anonymous_1)","decl":{"start":{"line":97,"column":4},"end":{"line":97,"column":5}},"loc":{"start":{"line":97,"column":15},"end":{"line":97,"column":57}}},"2":{"name":"(anonymous_2)","decl":{"start":{"line":107,"column":4},"end":{"line":107,"column":5}},"loc":{"start":{"line":107,"column":15},"end":{"line":107,"column":57}}},"3":{"name":"(anonymous_3)","decl":{"start":{"line":150,"column":4},"end":{"line":150,"column":5}},"loc":{"start":{"line":151,"column":4},"end":{"line":163,"column":null}}}},"branchMap":{"0":{"loc":{"start":{"line":24,"column":7},"end":{"line":46,"column":null}},"type":"binary-expr","locations":[{"start":{"line":24,"column":7},"end":{"line":24,"column":31}},{"start":{"line":25,"column":8},"end":{"line":45,"column":null}}]},"1":{"loc":{"start":{"line":48,"column":7},"end":{"line":68,"column":null}},"type":"binary-expr","locations":[{"start":{"line":48,"column":7},"end":{"line":48,"column":32}},{"start":{"line":49,"column":8},"end":{"line":67,"column":null}}]},"2":{"loc":{"start":{"line":151,"column":4},"end":{"line":163,"column":null}},"type":"cond-expr","locations":[{"start":{"line":152,"column":8},"end":{"line":159,"column":null}},{"start":{"line":160,"column":8},"end":{"line":163,"column":null}}]}},"s":{"0":1,"1":1,"2":1,"3":1,"4":1,"5":1,"6":1,"7":1,"8":0,"9":0,"10":1,"11":1,"12":1,"13":1,"14":0,"15":1,"16":0,"17":1,"18":1,"19":1,"20":1,"21":1,"22":0},"f":{"0":0,"1":0,"2":0,"3":0},"b":{"0":[0,0],"1":[0,0],"2":[0,0]}}
,"/home/agustinac/repo/personal/GTDFront/src/constants/colors.ts": {"path":"/home/agustinac/repo/personal/GTDFront/src/constants/colors.ts","statementMap":{"0":{"start":{"line":1,"column":13},"end":{"line":1,"column":37}},"1":{"start":{"line":2,"column":13},"end":{"line":2,"column":38}},"2":{"start":{"line":3,"column":13},"end":{"line":3,"column":39}},"3":{"start":{"line":4,"column":13},"end":{"line":4,"column":40}}},"fnMap":{},"branchMap":{},"s":{"0":3,"1":3,"2":3,"3":3},"f":{},"b":{}}
,"/home/agustinac/repo/personal/GTDFront/src/constants/keys.ts": {"path":"/home/agustinac/repo/personal/GTDFront/src/constants/keys.ts","statementMap":{"0":{"start":{"line":1,"column":13},"end":{"line":1,"column":52}},"1":{"start":{"line":2,"column":13},"end":{"line":2,"column":62}},"2":{"start":{"line":3,"column":13},"end":{"line":3,"column":32}}},"fnMap":{},"branchMap":{},"s":{"0":1,"1":1,"2":1},"f":{},"b":{}}
,"/home/agustinac/repo/personal/GTDFront/src/constants/routePaths.ts": {"path":"/home/agustinac/repo/personal/GTDFront/src/constants/routePaths.ts","statementMap":{"0":{"start":{"line":1,"column":13},"end":{"line":1,"column":25}},"1":{"start":{"line":2,"column":13},"end":{"line":2,"column":28}},"2":{"start":{"line":3,"column":13},"end":{"line":3,"column":25}},"3":{"start":{"line":4,"column":13},"end":{"line":4,"column":75}}},"fnMap":{},"branchMap":{},"s":{"0":2,"1":2,"2":2,"3":2},"f":{},"b":{}}
,"/home/agustinac/repo/personal/GTDFront/src/constants/size.ts": {"path":"/home/agustinac/repo/personal/GTDFront/src/constants/size.ts","statementMap":{"0":{"start":{"line":1,"column":0},"end":{"line":1,"column":null}},"1":{"start":{"line":2,"column":2},"end":{"line":2,"column":null}},"2":{"start":{"line":3,"column":2},"end":{"line":3,"column":null}},"3":{"start":{"line":4,"column":2},"end":{"line":4,"column":null}},"4":{"start":{"line":6,"column":13},"end":{"line":6,"column":30}},"5":{"start":{"line":7,"column":0},"end":{"line":7,"column":null}},"6":{"start":{"line":8,"column":2},"end":{"line":8,"column":null}},"7":{"start":{"line":9,"column":2},"end":{"line":9,"column":null}},"8":{"start":{"line":10,"column":2},"end":{"line":10,"column":null}},"9":{"start":{"line":11,"column":2},"end":{"line":11,"column":null}}},"fnMap":{"0":{"name":"(anonymous_0)","decl":{"start":{"line":1,"column":0},"end":{"line":1,"column":12}},"loc":{"start":{"line":1,"column":17},"end":{"line":5,"column":1}}},"1":{"name":"(anonymous_1)","decl":{"start":{"line":7,"column":0},"end":{"line":7,"column":12}},"loc":{"start":{"line":7,"column":16},"end":{"line":12,"column":1}}}},"branchMap":{"0":{"loc":{"start":{"line":1,"column":12},"end":{"line":1,"column":null}},"type":"binary-expr","locations":[{"start":{"line":1,"column":12},"end":{"line":1,"column":17}},{"start":{"line":1,"column":12},"end":{"line":1,"column":null}}]},"1":{"loc":{"start":{"line":7,"column":12},"end":{"line":7,"column":null}},"type":"binary-expr","locations":[{"start":{"line":7,"column":12},"end":{"line":7,"column":16}},{"start":{"line":7,"column":12},"end":{"line":7,"column":null}}]}},"s":{"0":3,"1":3,"2":3,"3":3,"4":3,"5":3,"6":3,"7":3,"8":3,"9":3},"f":{"0":3,"1":3},"b":{"0":[3,3],"1":[3,3]}}
,"/home/agustinac/repo/personal/GTDFront/src/contexts/errorHandlerContext.tsx": {"path":"/home/agustinac/repo/personal/GTDFront/src/contexts/errorHandlerContext.tsx","statementMap":{"0":{"start":{"line":1,"column":0},"end":{"line":1,"column":38}},"1":{"start":{"line":3,"column":13},"end":{"line":13,"column":3}}},"fnMap":{"0":{"name":"(anonymous_0)","decl":{"start":{"line":11,"column":16},"end":{"line":11,"column":17}},"loc":{"start":{"line":11,"column":22},"end":{"line":11,"column":25}}},"1":{"name":"(anonymous_1)","decl":{"start":{"line":12,"column":12},"end":{"line":12,"column":13}},"loc":{"start":{"line":12,"column":18},"end":{"line":12,"column":21}}}},"branchMap":{},"s":{"0":3,"1":3},"f":{"0":0,"1":1},"b":{}}
,"/home/agustinac/repo/personal/GTDFront/src/contexts/eventContext.tsx": {"path":"/home/agustinac/repo/personal/GTDFront/src/contexts/eventContext.tsx","statementMap":{"0":{"start":{"line":1,"column":0},"end":{"line":1,"column":38}},"1":{"start":{"line":2,"column":0},"end":{"line":2,"column":46}},"2":{"start":{"line":4,"column":13},"end":{"line":8,"column":3}}},"fnMap":{},"branchMap":{},"s":{"0":1,"1":1,"2":1},"f":{},"b":{}}
,"/home/agustinac/repo/personal/GTDFront/src/contexts/taskContext.tsx": {"path":"/home/agustinac/repo/personal/GTDFront/src/contexts/taskContext.tsx","statementMap":{"0":{"start":{"line":1,"column":0},"end":{"line":1,"column":38}},"1":{"start":{"line":4,"column":13},"end":{"line":46,"column":3}},"2":{"start":{"line":21,"column":4},"end":{"line":21,"column":14}},"3":{"start":{"line":24,"column":4},"end":{"line":24,"column":14}},"4":{"start":{"line":27,"column":4},"end":{"line":27,"column":14}},"5":{"start":{"line":30,"column":4},"end":{"line":30,"column":14}},"6":{"start":{"line":34,"column":4},"end":{"line":34,"column":14}},"7":{"start":{"line":37,"column":4},"end":{"line":37,"column":21}}},"fnMap":{"0":{"name":"(anonymous_0)","decl":{"start":{"line":20,"column":22},"end":{"line":20,"column":25}},"loc":{"start":{"line":20,"column":27},"end":{"line":22,"column":3}}},"1":{"name":"(anonymous_1)","decl":{"start":{"line":23,"column":22},"end":{"line":23,"column":25}},"loc":{"start":{"line":23,"column":27},"end":{"line":25,"column":3}}},"2":{"name":"(anonymous_2)","decl":{"start":{"line":26,"column":20},"end":{"line":26,"column":23}},"loc":{"start":{"line":26,"column":25},"end":{"line":28,"column":3}}},"3":{"name":"(anonymous_3)","decl":{"start":{"line":29,"column":21},"end":{"line":29,"column":24}},"loc":{"start":{"line":29,"column":26},"end":{"line":31,"column":3}}},"4":{"name":"(anonymous_4)","decl":{"start":{"line":32,"column":15},"end":{"line":32,"column":18}},"loc":{"start":{"line":32,"column":20},"end":{"line":32,"column":23}}},"5":{"name":"(anonymous_5)","decl":{"start":{"line":33,"column":14},"end":{"line":33,"column":15}},"loc":{"start":{"line":33,"column":40},"end":{"line":35,"column":3}}},"6":{"name":"(anonymous_6)","decl":{"start":{"line":36,"column":16},"end":{"line":36,"column":17}},"loc":{"start":{"line":36,"column":30},"end":{"line":38,"column":3}}},"7":{"name":"(anonymous_7)","decl":{"start":{"line":39,"column":14},"end":{"line":39,"column":15}},"loc":{"start":{"line":39,"column":29},"end":{"line":39,"column":32}}},"8":{"name":"(anonymous_8)","decl":{"start":{"line":40,"column":14},"end":{"line":40,"column":15}},"loc":{"start":{"line":40,"column":29},"end":{"line":40,"column":32}}},"9":{"name":"(anonymous_9)","decl":{"start":{"line":41,"column":12},"end":{"line":41,"column":13}},"loc":{"start":{"line":41,"column":27},"end":{"line":41,"column":30}}},"10":{"name":"(anonymous_10)","decl":{"start":{"line":42,"column":18},"end":{"line":42,"column":19}},"loc":{"start":{"line":42,"column":29},"end":{"line":42,"column":32}}},"11":{"name":"(anonymous_11)","decl":{"start":{"line":43,"column":16},"end":{"line":43,"column":17}},"loc":{"start":{"line":43,"column":27},"end":{"line":43,"column":30}}},"12":{"name":"(anonymous_12)","decl":{"start":{"line":44,"column":18},"end":{"line":44,"column":19}},"loc":{"start":{"line":44,"column":29},"end":{"line":44,"column":32}}},"13":{"name":"(anonymous_13)","decl":{"start":{"line":45,"column":16},"end":{"line":45,"column":17}},"loc":{"start":{"line":45,"column":27},"end":{"line":45,"column":30}}}},"branchMap":{},"s":{"0":1,"1":1,"2":2,"3":2,"4":2,"5":2,"6":0,"7":0},"f":{"0":2,"1":2,"2":2,"3":2,"4":1,"5":0,"6":0,"7":0,"8":0,"9":0,"10":0,"11":0,"12":0,"13":0},"b":{}}
,"/home/agustinac/repo/personal/GTDFront/src/contexts/userContext.tsx": {"path":"/home/agustinac/repo/personal/GTDFront/src/contexts/userContext.tsx","statementMap":{"0":{"start":{"line":1,"column":0},"end":{"line":1,"column":38}},"1":{"start":{"line":4,"column":13},"end":{"line":12,"column":3}}},"fnMap":{"0":{"name":"(anonymous_0)","decl":{"start":{"line":11,"column":15},"end":{"line":11,"column":16}},"loc":{"start":{"line":11,"column":43},"end":{"line":11,"column":46}}}},"branchMap":{},"s":{"0":2,"1":2},"f":{"0":0},"b":{}}
,"/home/agustinac/repo/personal/GTDFront/src/events/EventBus.ts": {"path":"/home/agustinac/repo/personal/GTDFront/src/events/EventBus.ts","statementMap":{"0":{"start":{"line":15,"column":4},"end":{"line":15,"column":26}},"1":{"start":{"line":19,"column":4},"end":{"line":19,"column":70}},"2":{"start":{"line":19,"column":39},"end":{"line":19,"column":68}},"3":{"start":{"line":26,"column":4},"end":{"line":26,"column":66}},"4":{"start":{"line":11,"column":0},"end":{"line":11,"column":13}}},"fnMap":{"0":{"name":"(anonymous_0)","decl":{"start":{"line":14,"column":2},"end":{"line":14,"column":null}},"loc":{"start":{"line":14,"column":2},"end":{"line":16,"column":3}}},"1":{"name":"(anonymous_1)","decl":{"start":{"line":18,"column":2},"end":{"line":18,"column":9}},"loc":{"start":{"line":18,"column":25},"end":{"line":20,"column":3}}},"2":{"name":"(anonymous_2)","decl":{"start":{"line":19,"column":30},"end":{"line":19,"column":31}},"loc":{"start":{"line":19,"column":39},"end":{"line":19,"column":68}}},"3":{"name":"(anonymous_3)","decl":{"start":{"line":22,"column":2},"end":{"line":22,"column":11}},"loc":{"start":{"line":24,"column":49},"end":{"line":27,"column":3}}}},"branchMap":{},"s":{"0":2,"1":0,"2":0,"3":0,"4":1},"f":{"0":2,"1":0,"2":0,"3":0},"b":{}}
,"/home/agustinac/repo/personal/GTDFront/src/views/error/Error.tsx": {"path":"/home/agustinac/repo/personal/GTDFront/src/views/error/Error.tsx","statementMap":{"0":{"start":{"line":1,"column":0},"end":{"line":1,"column":43}},"1":{"start":{"line":2,"column":0},"end":{"line":2,"column":50}},"2":{"start":{"line":3,"column":0},"end":{"line":3,"column":56}},"3":{"start":{"line":4,"column":0},"end":{"line":4,"column":45}},"4":{"start":{"line":5,"column":0},"end":{"line":5,"column":73}},"5":{"start":{"line":6,"column":0},"end":{"line":6,"column":46}},"6":{"start":{"line":13,"column":18},"end":{"line":38,"column":1}},"7":{"start":{"line":14,"column":23},"end":{"line":14,"column":54}},"8":{"start":{"line":16,"column":2},"end":{"line":20,"column":36}},"9":{"start":{"line":17,"column":4},"end":{"line":19,"column":null}},"10":{"start":{"line":18,"column":6},"end":{"line":18,"column":41}},"11":{"start":{"line":22,"column":2},"end":{"line":37,"column":4}},"12":{"start":{"line":40,"column":18},"end":{"line":46,"column":2}},"13":{"start":{"line":48,"column":27},"end":{"line":54,"column":2}},"14":{"start":{"line":56,"column":21},"end":{"line":59,"column":2}},"15":{"start":{"line":61,"column":14},"end":{"line":65,"column":2}},"16":{"start":{"line":67,"column":0},"end":{"line":67,"column":25}}},"fnMap":{"0":{"name":"(anonymous_0)","decl":{"start":{"line":13,"column":18},"end":{"line":13,"column":19}},"loc":{"start":{"line":13,"column":59},"end":{"line":38,"column":1}}},"1":{"name":"(anonymous_1)","decl":{"start":{"line":16,"column":12},"end":{"line":16,"column":15}},"loc":{"start":{"line":16,"column":17},"end":{"line":20,"column":3}}}},"branchMap":{"0":{"loc":{"start":{"line":17,"column":4},"end":{"line":19,"column":null}},"type":"if","locations":[{"start":{"line":17,"column":4},"end":{"line":19,"column":null}}]}},"s":{"0":2,"1":2,"2":2,"3":2,"4":2,"5":2,"6":2,"7":1,"8":1,"9":1,"10":1,"11":1,"12":2,"13":2,"14":2,"15":2,"16":2},"f":{"0":1,"1":1},"b":{"0":[1]}}
,"/home/agustinac/repo/personal/GTDFront/src/views/login/Login.tsx": {"path":"/home/agustinac/repo/personal/GTDFront/src/views/login/Login.tsx","statementMap":{"0":{"start":{"line":1,"column":0},"end":{"line":1,"column":43}},"1":{"start":{"line":2,"column":0},"end":{"line":2,"column":56}},"2":{"start":{"line":3,"column":0},"end":{"line":3,"column":50}},"3":{"start":{"line":4,"column":0},"end":{"line":4,"column":66}},"4":{"start":{"line":5,"column":0},"end":{"line":5,"column":53}},"5":{"start":{"line":6,"column":0},"end":{"line":6,"column":46}},"6":{"start":{"line":7,"column":0},"end":{"line":7,"column":26}},"7":{"start":{"line":8,"column":0},"end":{"line":8,"column":45}},"8":{"start":{"line":9,"column":0},"end":{"line":9,"column":68}},"9":{"start":{"line":11,"column":0},"end":{"line":11,"column":73}},"10":{"start":{"line":12,"column":0},"end":{"line":12,"column":54}},"11":{"start":{"line":13,"column":0},"end":{"line":13,"column":47}},"12":{"start":{"line":14,"column":0},"end":{"line":14,"column":47}},"13":{"start":{"line":16,"column":18},"end":{"line":94,"column":1}},"14":{"start":{"line":17,"column":26},"end":{"line":17,"column":60}},"15":{"start":{"line":18,"column":23},"end":{"line":18,"column":54}},"16":{"start":{"line":19,"column":19},"end":{"line":19,"column":32}},"17":{"start":{"line":21,"column":16},"end":{"line":37,"column":4}},"18":{"start":{"line":23,"column":32},"end":{"line":28,"column":8}},"19":{"start":{"line":29,"column":6},"end":{"line":29,"column":50}},"20":{"start":{"line":32,"column":6},"end":{"line":32,"column":35}},"21":{"start":{"line":33,"column":6},"end":{"line":33,"column":44}},"22":{"start":{"line":34,"column":6},"end":{"line":34,"column":25}},"23":{"start":{"line":35,"column":6},"end":{"line":35,"column":45}},"24":{"start":{"line":39,"column":27},"end":{"line":63,"column":3}},"25":{"start":{"line":40,"column":39},"end":{"line":40,"column":67}},"26":{"start":{"line":41,"column":4},"end":{"line":62,"column":null}},"27":{"start":{"line":42,"column":29},"end":{"line":49,"column":null}},"28":{"start":{"line":51,"column":6},"end":{"line":59,"column":null}},"29":{"start":{"line":52,"column":34},"end":{"line":57,"column":10}},"30":{"start":{"line":58,"column":8},"end":{"line":58,"column":52}},"31":{"start":{"line":60,"column":11},"end":{"line":62,"column":null}},"32":{"start":{"line":61,"column":6},"end":{"line":61,"column":23}},"33":{"start":{"line":65,"column":2},"end":{"line":70,"column":33}},"34":{"start":{"line":66,"column":4},"end":{"line":69,"column":7}},"35":{"start":{"line":67,"column":6},"end":{"line":67,"column":38}},"36":{"start":{"line":68,"column":6},"end":{"line":68,"column":43}},"37":{"start":{"line":72,"column":2},"end":{"line":93,"column":4}},"38":{"start":{"line":96,"column":18},"end":{"line":102,"column":2}},"39":{"start":{"line":104,"column":27},"end":{"line":110,"column":2}},"40":{"start":{"line":112,"column":22},"end":{"line":117,"column":2}},"41":{"start":{"line":119,"column":14},"end":{"line":124,"column":2}},"42":{"start":{"line":126,"column":0},"end":{"line":126,"column":25}}},"fnMap":{"0":{"name":"(anonymous_0)","decl":{"start":{"line":16,"column":18},"end":{"line":16,"column":21}},"loc":{"start":{"line":16,"column":23},"end":{"line":94,"column":1}}},"1":{"name":"(anonymous_1)","decl":{"start":{"line":22,"column":15},"end":{"line":22,"column":16}},"loc":{"start":{"line":22,"column":37},"end":{"line":30,"column":5}}},"2":{"name":"(anonymous_2)","decl":{"start":{"line":31,"column":13},"end":{"line":31,"column":14}},"loc":{"start":{"line":31,"column":23},"end":{"line":36,"column":5}}},"3":{"name":"(anonymous_3)","decl":{"start":{"line":39,"column":27},"end":{"line":39,"column":32}},"loc":{"start":{"line":39,"column":38},"end":{"line":63,"column":3}}},"4":{"name":"(anonymous_4)","decl":{"start":{"line":65,"column":12},"end":{"line":65,"column":15}},"loc":{"start":{"line":65,"column":17},"end":{"line":70,"column":3}}},"5":{"name":"(anonymous_5)","decl":{"start":{"line":66,"column":29},"end":{"line":66,"column":30}},"loc":{"start":{"line":66,"column":44},"end":{"line":69,"column":5}}}},"branchMap":{"0":{"loc":{"start":{"line":41,"column":4},"end":{"line":62,"column":null}},"type":"if","locations":[{"start":{"line":41,"column":4},"end":{"line":62,"column":null}},{"start":{"line":60,"column":11},"end":{"line":62,"column":null}}]},"1":{"loc":{"start":{"line":41,"column":8},"end":{"line":41,"column":43}},"type":"binary-expr","locations":[{"start":{"line":41,"column":8},"end":{"line":41,"column":15}},{"start":{"line":41,"column":19},"end":{"line":41,"column":43}}]},"2":{"loc":{"start":{"line":51,"column":6},"end":{"line":59,"column":null}},"type":"if","locations":[{"start":{"line":51,"column":6},"end":{"line":59,"column":null}}]},"3":{"loc":{"start":{"line":60,"column":11},"end":{"line":62,"column":null}},"type":"if","locations":[{"start":{"line":60,"column":11},"end":{"line":62,"column":null}}]}},"s":{"0":1,"1":1,"2":1,"3":1,"4":1,"5":1,"6":1,"7":1,"8":1,"9":1,"10":1,"11":1,"12":1,"13":1,"14":1,"15":1,"16":1,"17":1,"18":0,"19":0,"20":0,"21":0,"22":0,"23":0,"24":1,"25":1,"26":1,"27":0,"28":0,"29":0,"30":0,"31":1,"32":0,"33":1,"34":1,"35":0,"36":0,"37":1,"38":1,"39":1,"40":1,"41":1,"42":1},"f":{"0":1,"1":0,"2":0,"3":1,"4":1,"5":0},"b":{"0":[0,1],"1":[1,1],"2":[0],"3":[0]}}
,"/home/agustinac/repo/personal/GTDFront/src/views/tasks/Task.tsx": {"path":"/home/agustinac/repo/personal/GTDFront/src/views/tasks/Task.tsx","statementMap":{"0":{"start":{"line":1,"column":0},"end":{"line":1,"column":39}},"1":{"start":{"line":2,"column":0},"end":{"line":2,"column":62}},"2":{"start":{"line":3,"column":0},"end":{"line":3,"column":46}},"3":{"start":{"line":4,"column":0},"end":{"line":4,"column":68}},"4":{"start":{"line":5,"column":0},"end":{"line":5,"column":62}},"5":{"start":{"line":7,"column":0},"end":{"line":7,"column":68}},"6":{"start":{"line":8,"column":0},"end":{"line":8,"column":51}},"7":{"start":{"line":9,"column":0},"end":{"line":9,"column":68}},"8":{"start":{"line":10,"column":0},"end":{"line":10,"column":73}},"9":{"start":{"line":11,"column":0},"end":{"line":11,"column":47}},"10":{"start":{"line":12,"column":0},"end":{"line":12,"column":68}},"11":{"start":{"line":13,"column":0},"end":{"line":13,"column":62}},"12":{"start":{"line":14,"column":0},"end":{"line":14,"column":62}},"13":{"start":{"line":22,"column":17},"end":{"line":91,"column":1}},"14":{"start":{"line":27,"column":23},"end":{"line":27,"column":54}},"15":{"start":{"line":28,"column":26},"end":{"line":28,"column":60}},"16":{"start":{"line":29,"column":22},"end":{"line":29,"column":56}},"17":{"start":{"line":30,"column":19},"end":{"line":30,"column":32}},"18":{"start":{"line":32,"column":17},"end":{"line":36,"column":3}},"19":{"start":{"line":33,"column":4},"end":{"line":33,"column":19}},"20":{"start":{"line":34,"column":4},"end":{"line":34,"column":43}},"21":{"start":{"line":35,"column":4},"end":{"line":35,"column":18}},"22":{"start":{"line":38,"column":2},"end":{"line":58,"column":9}},"23":{"start":{"line":39,"column":4},"end":{"line":57,"column":null}},"24":{"start":{"line":40,"column":6},"end":{"line":42,"column":null}},"25":{"start":{"line":41,"column":8},"end":{"line":41,"column":46}},"26":{"start":{"line":43,"column":6},"end":{"line":47,"column":null}},"27":{"start":{"line":44,"column":8},"end":{"line":44,"column":45}},"28":{"start":{"line":46,"column":8},"end":{"line":46,"column":34}},"29":{"start":{"line":48,"column":6},"end":{"line":53,"column":null}},"30":{"start":{"line":49,"column":25},"end":{"line":51,"column":31}},"31":{"start":{"line":50,"column":10},"end":{"line":50,"column":36}},"32":{"start":{"line":52,"column":8},"end":{"line":52,"column":45}},"33":{"start":{"line":52,"column":21},"end":{"line":52,"column":44}},"34":{"start":{"line":55,"column":6},"end":{"line":55,"column":38}},"35":{"start":{"line":56,"column":6},"end":{"line":56,"column":43}},"36":{"start":{"line":60,"column":2},"end":{"line":90,"column":4}},"37":{"start":{"line":93,"column":18},"end":{"line":98,"column":2}},"38":{"start":{"line":100,"column":25},"end":{"line":115,"column":2}},"39":{"start":{"line":103,"column":4},"end":{"line":114,"column":null}},"40":{"start":{"line":117,"column":0},"end":{"line":117,"column":24}}},"fnMap":{"0":{"name":"(anonymous_0)","decl":{"start":{"line":22,"column":17},"end":{"line":22,"column":18}},"loc":{"start":{"line":26,"column":20},"end":{"line":91,"column":1}}},"1":{"name":"(anonymous_1)","decl":{"start":{"line":32,"column":17},"end":{"line":32,"column":20}},"loc":{"start":{"line":32,"column":22},"end":{"line":36,"column":3}}},"2":{"name":"(anonymous_2)","decl":{"start":{"line":38,"column":12},"end":{"line":38,"column":15}},"loc":{"start":{"line":38,"column":17},"end":{"line":58,"column":3}}},"3":{"name":"(anonymous_3)","decl":{"start":{"line":49,"column":37},"end":{"line":49,"column":40}},"loc":{"start":{"line":49,"column":42},"end":{"line":51,"column":9}}},"4":{"name":"(anonymous_4)","decl":{"start":{"line":52,"column":15},"end":{"line":52,"column":18}},"loc":{"start":{"line":52,"column":21},"end":{"line":52,"column":44}}},"5":{"name":"(anonymous_5)","decl":{"start":{"line":102,"column":4},"end":{"line":102,"column":5}},"loc":{"start":{"line":103,"column":4},"end":{"line":114,"column":null}}}},"branchMap":{"0":{"loc":{"start":{"line":23,"column":2},"end":{"line":23,"column":24}},"type":"default-arg","locations":[{"start":{"line":23,"column":15},"end":{"line":23,"column":24}}]},"1":{"loc":{"start":{"line":40,"column":6},"end":{"line":42,"column":null}},"type":"if","locations":[{"start":{"line":40,"column":6},"end":{"line":42,"column":null}}]},"2":{"loc":{"start":{"line":43,"column":6},"end":{"line":47,"column":null}},"type":"if","locations":[{"start":{"line":43,"column":6},"end":{"line":47,"column":null}},{"start":{"line":45,"column":13},"end":{"line":47,"column":null}}]},"3":{"loc":{"start":{"line":48,"column":6},"end":{"line":53,"column":null}},"type":"if","locations":[{"start":{"line":48,"column":6},"end":{"line":53,"column":null}}]},"4":{"loc":{"start":{"line":62,"column":7},"end":{"line":67,"column":null}},"type":"binary-expr","locations":[{"start":{"line":62,"column":7},"end":{"line":62,"column":31}},{"start":{"line":63,"column":8},"end":{"line":66,"column":null}}]},"5":{"loc":{"start":{"line":70,"column":9},"end":{"line":78,"column":null}},"type":"binary-expr","locations":[{"start":{"line":70,"column":9},"end":{"line":70,"column":33}},{"start":{"line":71,"column":10},"end":{"line":77,"column":null}}]},"6":{"loc":{"start":{"line":80,"column":9},"end":{"line":86,"column":null}},"type":"binary-expr","locations":[{"start":{"line":80,"column":9},"end":{"line":80,"column":34}},{"start":{"line":81,"column":10},"end":{"line":85,"column":null}}]},"7":{"loc":{"start":{"line":103,"column":4},"end":{"line":114,"column":null}},"type":"cond-expr","locations":[{"start":{"line":104,"column":8},"end":{"line":107,"column":null}},{"start":{"line":108,"column":8},"end":{"line":114,"column":null}}]}},"s":{"0":1,"1":1,"2":1,"3":1,"4":1,"5":1,"6":1,"7":1,"8":1,"9":1,"10":1,"11":1,"12":1,"13":1,"14":1,"15":1,"16":1,"17":1,"18":1,"19":0,"20":0,"21":0,"22":1,"23":1,"24":1,"25":0,"26":1,"27":0,"28":1,"29":1,"30":1,"31":0,"32":1,"33":1,"34":0,"35":0,"36":1,"37":1,"38":1,"39":1,"40":1},"f":{"0":1,"1":0,"2":1,"3":0,"4":1,"5":1},"b":{"0":[1],"1":[0],"2":[0,1],"3":[1],"4":[1,0],"5":[1,0],"6":[1,1],"7":[0,1]}}
}
