TN:
SF:src/assets/icons/addressCard.svg
FNF:0
FNH:0
DA:1,1
LF:1
LH:1
BRF:0
BRH:0
end_of_record
TN:
SF:src/assets/icons/boxes.svg
FNF:0
FNH:0
DA:1,1
LF:1
LH:1
BRF:0
BRH:0
end_of_record
TN:
SF:src/assets/icons/check.svg
FNF:0
FNH:0
DA:1,1
LF:1
LH:1
BRF:0
BRH:0
end_of_record
TN:
SF:src/assets/icons/faPlus.svg
FNF:0
FNH:0
DA:1,1
LF:1
LH:1
BRF:0
BRH:0
end_of_record
TN:
SF:src/assets/icons/percent.svg
FNF:0
FNH:0
DA:1,1
LF:1
LH:1
BRF:0
BRH:0
end_of_record
TN:
SF:src/assets/icons/taskList.svg
FNF:0
FNH:0
DA:1,1
LF:1
LH:1
BRF:0
BRH:0
end_of_record
TN:
SF:src/assets/icons/x.svg
FNF:0
FNH:0
DA:1,1
LF:1
LH:1
BRF:0
BRH:0
end_of_record
TN:
SF:src/components/activeTask/ActiveTask.tsx
FN:12,(anonymous_0)
FN:18,(anonymous_1)
FN:22,(anonymous_2)
FN:30,(anonymous_3)
FN:63,(anonymous_4)
FN:91,(anonymous_5)
FN:99,(anonymous_6)
FNF:7
FNH:0
FNDA:0,(anonymous_0)
FNDA:0,(anonymous_1)
FNDA:0,(anonymous_2)
FNDA:0,(anonymous_3)
FNDA:0,(anonymous_4)
FNDA:0,(anonymous_5)
FNDA:0,(anonymous_6)
DA:1,1
DA:2,1
DA:3,1
DA:4,1
DA:5,1
DA:7,1
DA:8,1
DA:9,1
DA:10,1
DA:12,1
DA:13,0
DA:15,0
DA:16,0
DA:18,0
DA:19,0
DA:22,0
DA:23,0
DA:30,0
DA:35,0
DA:36,0
DA:38,0
DA:60,1
DA:64,0
DA:84,1
DA:92,0
DA:100,0
DA:115,1
LF:27
LH:13
BRDA:64,0,0,0
BRDA:64,0,1,0
BRDA:92,1,0,0
BRDA:92,1,1,0
BRDA:100,2,0,0
BRDA:100,2,1,0
BRF:6
BRH:0
end_of_record
TN:
SF:src/components/button/Button.tsx
FN:8,(anonymous_0)
FNF:1
FNH:1
FNDA:2,(anonymous_0)
DA:1,3
DA:2,3
DA:3,3
DA:4,3
DA:7,3
DA:9,2
DA:28,3
DA:45,3
DA:49,3
LF:9
LH:9
BRDA:16,0,0,2
BRDA:16,0,1,0
BRF:2
BRH:1
end_of_record
TN:
SF:src/components/cancelList/CancelList.tsx
FN:15,(anonymous_0)
FN:21,(anonymous_1)
FN:57,(anonymous_2)
FNF:3
FNH:0
FNDA:0,(anonymous_0)
FNDA:0,(anonymous_1)
FNDA:0,(anonymous_2)
DA:1,1
DA:2,1
DA:3,1
DA:4,1
DA:5,1
DA:6,1
DA:7,1
DA:8,1
DA:15,1
DA:16,0
DA:17,0
DA:19,0
DA:20,0
DA:22,0
DA:29,0
DA:44,1
DA:56,1
DA:58,0
DA:73,1
LF:19
LH:12
BRDA:58,0,0,0
BRDA:58,0,1,0
BRF:2
BRH:0
end_of_record
TN:
SF:src/components/card/Card.tsx
FN:7,(anonymous_0)
FN:31,(anonymous_1)
FN:32,(anonymous_2)
FN:33,(anonymous_3)
FNF:4
FNH:4
FNDA:2,(anonymous_0)
FNDA:2,(anonymous_1)
FNDA:2,(anonymous_2)
FNDA:2,(anonymous_3)
DA:1,3
DA:2,3
DA:3,3
DA:6,3
DA:12,2
DA:24,3
DA:31,2
DA:32,2
DA:33,2
LF:9
LH:9
BRDA:10,0,0,2
BRDA:31,1,0,2
BRDA:31,1,1,0
BRDA:32,2,0,2
BRDA:32,2,1,0
BRDA:33,3,0,2
BRDA:33,3,1,0
BRF:7
BRH:4
end_of_record
TN:
SF:src/components/cardWithTile/CardWithTitle.tsx
FN:9,(anonymous_0)
FN:33,(anonymous_1)
FNF:2
FNH:0
FNDA:0,(anonymous_0)
FNDA:0,(anonymous_1)
DA:1,1
DA:2,1
DA:3,1
DA:4,1
DA:5,1
DA:8,1
DA:15,0
DA:27,1
DA:34,0
DA:42,1
LF:10
LH:8
BRDA:34,0,0,0
BRDA:34,0,1,0
BRF:2
BRH:0
end_of_record
TN:
SF:src/components/carousel/Carousel.tsx
FN:6,(anonymous_0)
FN:12,(anonymous_1)
FN:14,(anonymous_2)
FN:17,(anonymous_3)
FN:18,(anonymous_4)
FN:21,(anonymous_5)
FN:25,(anonymous_6)
FN:43,(anonymous_7)
FN:100,(anonymous_8)
FNF:9
FNH:0
FNDA:0,(anonymous_0)
FNDA:0,(anonymous_1)
FNDA:0,(anonymous_2)
FNDA:0,(anonymous_3)
FNDA:0,(anonymous_4)
FNDA:0,(anonymous_5)
FNDA:0,(anonymous_6)
FNDA:0,(anonymous_7)
FNDA:0,(anonymous_8)
DA:1,1
DA:2,1
DA:5,1
DA:7,0
DA:8,0
DA:9,0
DA:10,0
DA:12,0
DA:13,0
DA:14,0
DA:17,0
DA:18,0
DA:21,0
DA:22,0
DA:25,0
DA:26,0
DA:28,0
DA:30,0
DA:32,0
DA:33,0
DA:34,0
DA:35,0
DA:36,0
DA:37,0
DA:38,0
DA:39,0
DA:43,0
DA:44,0
DA:45,0
DA:46,0
DA:47,0
DA:48,0
DA:52,0
DA:72,1
DA:84,1
DA:89,1
DA:93,1
DA:100,0
LF:38
LH:7
BRDA:13,0,0,0
BRDA:18,1,0,0
BRDA:28,2,0,0
BRDA:32,3,0,0
BRDA:32,3,1,0
BRDA:36,4,0,0
BRDA:45,5,0,0
BRDA:47,6,0,0
BRF:8
BRH:0
end_of_record
TN:
SF:src/components/doneList/DoneList.tsx
FN:15,(anonymous_0)
FN:21,(anonymous_1)
FN:57,(anonymous_2)
FNF:3
FNH:0
FNDA:0,(anonymous_0)
FNDA:0,(anonymous_1)
FNDA:0,(anonymous_2)
DA:1,1
DA:2,1
DA:3,1
DA:4,1
DA:5,1
DA:6,1
DA:7,1
DA:8,1
DA:15,1
DA:16,0
DA:17,0
DA:19,0
DA:20,0
DA:22,0
DA:29,0
DA:44,1
DA:56,1
DA:58,0
DA:73,1
LF:19
LH:12
BRDA:58,0,0,0
BRDA:58,0,1,0
BRF:2
BRH:0
end_of_record
TN:
SF:src/components/draggableItem/DraggableItem.tsx
FN:6,(anonymous_0)
FN:13,(anonymous_1)
FNF:2
FNH:0
FNDA:0,(anonymous_0)
FNDA:0,(anonymous_1)
DA:1,1
DA:3,1
DA:4,1
DA:6,1
DA:13,0
DA:15,0
LF:6
LH:4
BRF:0
BRH:0
end_of_record
TN:
SF:src/components/item/Item.tsx
FN:9,(anonymous_0)
FNF:1
FNH:0
FNDA:0,(anonymous_0)
DA:1,1
DA:2,1
DA:3,1
DA:4,1
DA:5,1
DA:8,1
DA:10,0
DA:28,1
DA:39,1
DA:43,1
DA:56,1
DA:71,1
LF:12
LH:11
BRF:0
BRH:0
end_of_record
TN:
SF:src/components/itemButton/ItemButton.tsx
FN:18,(anonymous_0)
FN:29,(anonymous_1)
FN:35,(anonymous_2)
FNF:3
FNH:0
FNDA:0,(anonymous_0)
FNDA:0,(anonymous_1)
FNDA:0,(anonymous_2)
DA:1,1
DA:2,1
DA:3,1
DA:4,1
DA:5,1
DA:17,1
DA:27,0
DA:29,0
DA:30,0
DA:31,0
DA:35,0
DA:36,0
DA:37,0
DA:38,0
DA:39,0
DA:43,0
DA:70,1
DA:76,1
DA:88,1
DA:103,1
LF:20
LH:10
BRDA:24,0,0,0
BRDA:30,1,0,0
BRDA:37,2,0,0
BRDA:60,3,0,0
BRDA:60,3,1,0
BRDA:60,3,2,0
BRF:6
BRH:0
end_of_record
TN:
SF:src/components/itemButtonWithOptions/ItemButtonWithOptions.tsx
FN:8,(anonymous_0)
FN:18,(anonymous_1)
FN:27,(anonymous_2)
FN:28,(anonymous_3)
FN:31,(anonymous_4)
FN:49,(anonymous_5)
FN:58,(anonymous_6)
FNF:7
FNH:0
FNDA:0,(anonymous_0)
FNDA:0,(anonymous_1)
FNDA:0,(anonymous_2)
FNDA:0,(anonymous_3)
FNDA:0,(anonymous_4)
FNDA:0,(anonymous_5)
FNDA:0,(anonymous_6)
DA:1,1
DA:2,1
DA:3,1
DA:4,1
DA:7,1
DA:15,0
DA:16,0
DA:18,0
DA:19,0
DA:20,0
DA:21,0
DA:25,0
DA:27,0
DA:28,0
DA:32,0
DA:33,0
DA:34,0
DA:50,0
DA:51,0
DA:59,0
DA:60,0
DA:71,1
LF:22
LH:6
BRDA:12,0,0,0
BRDA:20,1,0,0
BRDA:44,2,0,0
BRDA:44,2,1,0
BRDA:54,3,0,0
BRDA:54,3,1,0
BRF:6
BRH:0
end_of_record
TN:
SF:src/components/itemList/ItemList.tsx
FN:16,(anonymous_0)
FN:26,(anonymous_1)
FN:40,(anonymous_2)
FN:66,(anonymous_3)
FN:78,(anonymous_4)
FN:93,(anonymous_5)
FN:95,(anonymous_6)
FN:101,(anonymous_7)
FN:114,(anonymous_8)
FN:115,(anonymous_9)
FN:116,(anonymous_10)
FN:138,(anonymous_11)
FN:143,(anonymous_12)
FN:168,(anonymous_13)
FNF:14
FNH:0
FNDA:0,(anonymous_0)
FNDA:0,(anonymous_1)
FNDA:0,(anonymous_2)
FNDA:0,(anonymous_3)
FNDA:0,(anonymous_4)
FNDA:0,(anonymous_5)
FNDA:0,(anonymous_6)
FNDA:0,(anonymous_7)
FNDA:0,(anonymous_8)
FNDA:0,(anonymous_9)
FNDA:0,(anonymous_10)
FNDA:0,(anonymous_11)
FNDA:0,(anonymous_12)
FNDA:0,(anonymous_13)
DA:1,1
DA:2,1
DA:3,1
DA:4,1
DA:6,1
DA:7,1
DA:8,1
DA:9,1
DA:10,1
DA:11,1
DA:12,1
DA:13,1
DA:14,1
DA:16,1
DA:17,0
DA:18,0
DA:19,0
DA:20,0
DA:21,0
DA:23,0
DA:24,0
DA:26,0
DA:27,0
DA:28,0
DA:29,0
DA:40,0
DA:46,0
DA:48,0
DA:49,0
DA:53,0
DA:55,0
DA:66,0
DA:67,0
DA:68,0
DA:78,0
DA:79,0
DA:80,0
DA:81,0
DA:92,0
DA:94,0
DA:96,0
DA:97,0
DA:99,0
DA:102,0
DA:114,0
DA:115,0
DA:117,0
DA:124,0
DA:139,0
DA:144,0
DA:155,1
DA:167,1
DA:169,0
DA:184,1
LF:54
LH:17
BRDA:26,0,0,0
BRDA:27,1,0,0
BRDA:48,2,0,0
BRDA:79,3,0,0
BRDA:96,4,0,0
BRDA:133,5,0,0
BRDA:133,5,1,0
BRDA:169,6,0,0
BRDA:169,6,1,0
BRF:9
BRH:0
end_of_record
TN:
SF:src/components/itemWithActions/ItemWithActions.tsx
FN:11,(anonymous_0)
FN:19,(anonymous_1)
FN:23,(anonymous_2)
FN:32,(anonymous_3)
FN:41,(anonymous_4)
FN:51,(anonymous_5)
FN:59,(anonymous_6)
FN:71,(anonymous_7)
FN:81,(anonymous_8)
FN:85,(anonymous_9)
FN:88,(anonymous_10)
FN:95,(anonymous_11)
FN:104,(anonymous_12)
FN:120,(anonymous_13)
FN:132,(anonymous_14)
FN:140,(anonymous_15)
FN:204,(anonymous_16)
FN:224,(anonymous_17)
FNF:18
FNH:0
FNDA:0,(anonymous_0)
FNDA:0,(anonymous_1)
FNDA:0,(anonymous_2)
FNDA:0,(anonymous_3)
FNDA:0,(anonymous_4)
FNDA:0,(anonymous_5)
FNDA:0,(anonymous_6)
FNDA:0,(anonymous_7)
FNDA:0,(anonymous_8)
FNDA:0,(anonymous_9)
FNDA:0,(anonymous_10)
FNDA:0,(anonymous_11)
FNDA:0,(anonymous_12)
FNDA:0,(anonymous_13)
FNDA:0,(anonymous_14)
FNDA:0,(anonymous_15)
FNDA:0,(anonymous_16)
FNDA:0,(anonymous_17)
DA:1,1
DA:2,1
DA:3,1
DA:4,1
DA:5,1
DA:6,1
DA:7,1
DA:9,1
DA:11,1
DA:15,0
DA:16,0
DA:17,0
DA:19,0
DA:20,0
DA:23,0
DA:24,0
DA:27,0
DA:33,0
DA:42,0
DA:52,0
DA:60,0
DA:61,0
DA:70,1
DA:77,0
DA:78,0
DA:79,0
DA:81,0
DA:82,0
DA:85,0
DA:86,0
DA:87,0
DA:88,0
DA:89,0
DA:90,0
DA:95,0
DA:96,0
DA:97,0
DA:100,0
DA:105,0
DA:121,0
DA:122,0
DA:123,0
DA:133,0
DA:134,0
DA:141,0
DA:142,0
DA:143,0
DA:154,1
DA:165,1
DA:176,1
DA:187,1
DA:198,1
DA:202,1
DA:205,0
DA:206,0
DA:210,0
DA:214,1
DA:223,1
DA:225,0
DA:226,0
DA:230,0
LF:61
LH:18
BRDA:72,0,0,0
BRDA:82,1,0,0
BRDA:82,1,1,0
BRDA:86,2,0,0
BRDA:86,3,0,0
BRDA:86,3,1,0
BRDA:108,4,0,0
BRDA:108,4,1,0
BRDA:117,5,0,0
BRDA:117,5,1,0
BRDA:205,6,0,0
BRDA:225,7,0,0
BRF:12
BRH:0
end_of_record
TN:
SF:src/components/loadingSpiner/Spiner.tsx
FN:6,(anonymous_0)
FNF:1
FNH:1
FNDA:4,(anonymous_0)
DA:1,1
DA:2,1
DA:3,1
DA:4,1
DA:6,1
DA:7,4
DA:17,1
DA:28,1
LF:8
LH:8
BRF:0
BRH:0
end_of_record
TN:
SF:src/components/primitives/Draggable.tsx
FN:9,(anonymous_0)
FNF:1
FNH:0
FNDA:0,(anonymous_0)
DA:2,1
DA:9,1
DA:10,0
DA:12,0
LF:4
LH:2
BRF:0
BRH:0
end_of_record
TN:
SF:src/components/stickyNote/StickyNote.tsx
FN:10,(anonymous_0)
FN:22,(anonymous_1)
FN:79,(anonymous_2)
FN:126,(anonymous_3)
FN:130,(anonymous_4)
FNF:5
FNH:0
FNDA:0,(anonymous_0)
FNDA:0,(anonymous_1)
FNDA:0,(anonymous_2)
FNDA:0,(anonymous_3)
FNDA:0,(anonymous_4)
DA:1,1
DA:2,1
DA:3,1
DA:4,1
DA:5,1
DA:6,1
DA:9,1
DA:16,0
DA:18,0
DA:22,0
DA:23,0
DA:26,0
DA:57,1
DA:71,1
DA:80,0
DA:98,1
DA:104,1
DA:119,1
DA:126,0
DA:131,0
DA:144,1
LF:21
LH:13
BRDA:13,0,0,0
BRDA:40,1,0,0
BRDA:40,1,1,0
BRDA:80,2,0,0
BRDA:80,2,1,0
BRDA:131,3,0,0
BRDA:131,3,1,0
BRF:7
BRH:0
end_of_record
TN:
SF:src/components/useEvent/useEvent.tsx
FN:7,(anonymous_0)
FN:11,(anonymous_1)
FN:20,(anonymous_2)
FN:26,(anonymous_3)
FN:30,(anonymous_4)
FNF:5
FNH:4
FNDA:1,(anonymous_0)
FNDA:1,(anonymous_1)
FNDA:1,(anonymous_2)
FNDA:0,(anonymous_3)
FNDA:1,(anonymous_4)
DA:1,1
DA:2,1
DA:3,1
DA:4,1
DA:7,1
DA:8,1
DA:11,1
DA:18,1
DA:19,1
DA:20,1
DA:26,1
DA:27,0
DA:30,1
DA:31,1
DA:34,1
DA:41,1
LF:16
LH:15
BRDA:7,0,0,1
BRDA:7,0,1,1
BRDA:27,1,0,0
BRDA:31,2,0,0
BRF:4
BRH:2
end_of_record
TN:
SF:src/components/useGoogleAuth/useGoogleAuth.tsx
FN:5,(anonymous_0)
FN:20,(anonymous_1)
FNF:2
FNH:1
FNDA:1,(anonymous_0)
FNDA:0,(anonymous_1)
DA:2,1
DA:3,1
DA:5,1
DA:12,1
DA:21,0
DA:30,1
LF:6
LH:5
BRDA:14,0,0,1
BRDA:14,0,1,0
BRF:2
BRH:1
end_of_record
TN:
SF:src/components/userCard/UserCard.tsx
FN:10,(anonymous_0)
FN:91,(anonymous_1)
FN:101,(anonymous_2)
FN:145,(anonymous_3)
FNF:4
FNH:0
FNDA:0,(anonymous_0)
FNDA:0,(anonymous_1)
FNDA:0,(anonymous_2)
FNDA:0,(anonymous_3)
DA:1,1
DA:2,1
DA:3,1
DA:4,1
DA:5,1
DA:6,1
DA:7,1
DA:10,1
DA:15,0
DA:17,0
DA:69,1
DA:78,1
DA:90,1
DA:91,0
DA:100,1
DA:101,0
DA:112,1
DA:118,1
DA:126,1
DA:132,1
DA:137,1
DA:146,0
LF:22
LH:17
BRDA:19,0,0,0
BRDA:19,0,1,0
BRDA:43,1,0,0
BRDA:43,1,1,0
BRDA:146,2,0,0
BRDA:146,2,1,0
BRF:6
BRH:0
end_of_record
TN:
SF:src/constants/colors.ts
FNF:0
FNH:0
DA:1,3
DA:2,3
DA:3,3
DA:4,3
DA:5,3
DA:6,3
DA:7,3
DA:8,3
DA:9,3
DA:10,3
DA:11,3
DA:12,3
DA:14,3
LF:13
LH:13
BRF:0
BRH:0
end_of_record
TN:
SF:src/constants/environment.ts
FNF:0
FNH:0
DA:1,1
DA:2,1
LF:2
LH:2
BRF:0
BRH:0
end_of_record
TN:
SF:src/constants/keys.ts
FNF:0
FNH:0
DA:1,1
DA:2,1
DA:3,1
DA:4,1
LF:4
LH:4
BRF:0
BRH:0
end_of_record
TN:
SF:src/constants/routePaths.ts
FNF:0
FNH:0
DA:1,2
DA:2,2
DA:3,2
DA:4,2
LF:4
LH:4
BRF:0
BRH:0
end_of_record
TN:
SF:src/constants/size.ts
FN:1,(anonymous_0)
FN:7,(anonymous_1)
FNF:2
FNH:2
FNDA:3,(anonymous_0)
FNDA:3,(anonymous_1)
DA:1,3
DA:2,3
DA:3,3
DA:4,3
DA:6,3
DA:7,3
DA:8,3
DA:9,3
DA:10,3
DA:11,3
LF:10
LH:10
BRDA:1,0,0,3
BRDA:1,0,1,3
BRDA:7,1,0,3
BRDA:7,1,1,3
BRF:4
BRH:4
end_of_record
TN:
SF:src/contexts/errorHandlerContext.tsx
FN:11,(anonymous_0)
FN:12,(anonymous_1)
FNF:2
FNH:2
FNDA:1,(anonymous_0)
FNDA:2,(anonymous_1)
DA:1,3
DA:3,3
LF:2
LH:2
BRF:0
BRH:0
end_of_record
TN:
SF:src/contexts/eventContext.tsx
FNF:0
FNH:0
DA:1,1
DA:2,1
DA:4,1
LF:3
LH:3
BRF:0
BRH:0
end_of_record
TN:
SF:src/contexts/taskContext.tsx
FNF:0
FNH:0
DA:1,1
DA:4,1
LF:2
LH:2
BRF:0
BRH:0
end_of_record
TN:
SF:src/contexts/userContext.tsx
FN:11,(anonymous_0)
FNF:1
FNH:0
FNDA:0,(anonymous_0)
DA:1,2
DA:4,2
LF:2
LH:2
BRF:0
BRH:0
end_of_record
TN:
SF:src/events/EventBus.ts
FN:6,(anonymous_0)
FN:10,(anonymous_1)
FN:11,(anonymous_2)
FN:14,(anonymous_3)
FNF:4
FNH:1
FNDA:2,(anonymous_0)
FNDA:0,(anonymous_1)
FNDA:0,(anonymous_2)
FNDA:0,(anonymous_3)
DA:3,1
DA:7,2
DA:11,0
DA:18,0
LF:4
LH:2
BRF:0
BRH:0
end_of_record
TN:
SF:src/factories/UserDataFactory.ts
FN:9,(anonymous_0)
FN:26,(anonymous_1)
FN:28,(anonymous_2)
FN:35,(anonymous_3)
FN:37,(anonymous_4)
FNF:5
FNH:0
FNDA:0,(anonymous_0)
FNDA:0,(anonymous_1)
FNDA:0,(anonymous_2)
FNDA:0,(anonymous_3)
FNDA:0,(anonymous_4)
DA:9,1
DA:16,0
DA:23,0
DA:26,1
DA:27,0
DA:28,0
DA:29,0
DA:30,0
DA:32,0
DA:35,1
DA:36,0
DA:37,0
DA:38,0
DA:40,0
LF:14
LH:3
BRDA:17,0,0,0
BRDA:17,0,1,0
BRDA:18,1,0,0
BRDA:18,1,1,0
BRDA:19,2,0,0
BRDA:19,2,1,0
BRDA:20,3,0,0
BRDA:20,3,1,0
BRDA:21,4,0,0
BRDA:21,4,1,0
BRDA:29,5,0,0
BRF:11
BRH:0
end_of_record
TN:
SF:src/hooks/useGoogleLogin.tsx
FN:9,(anonymous_0)
FN:14,(anonymous_1)
FN:22,(anonymous_2)
FN:32,(anonymous_3)
FN:45,(anonymous_4)
FN:63,(anonymous_5)
FN:73,(anonymous_6)
FNF:7
FNH:2
FNDA:1,(anonymous_0)
FNDA:0,(anonymous_1)
FNDA:0,(anonymous_2)
FNDA:0,(anonymous_3)
FNDA:0,(anonymous_4)
FNDA:0,(anonymous_5)
FNDA:1,(anonymous_6)
DA:1,1
DA:2,1
DA:3,1
DA:4,1
DA:6,1
DA:7,1
DA:9,1
DA:10,1
DA:11,1
DA:13,1
DA:15,0
DA:17,0
DA:18,0
DA:19,0
DA:21,0
DA:23,0
DA:24,0
DA:30,0
DA:33,0
DA:34,0
DA:35,0
DA:36,0
DA:37,0
DA:43,1
DA:46,0
DA:55,0
DA:61,0
DA:64,0
DA:65,0
DA:66,0
DA:67,0
DA:73,1
DA:74,1
DA:75,1
DA:78,1
LF:35
LH:15
BRDA:26,0,0,0
BRDA:26,0,1,0
BRDA:27,1,0,0
BRDA:27,1,1,0
BRDA:75,2,0,0
BRF:5
BRH:0
end_of_record
TN:
SF:src/hooks/useInterval.ts
FN:3,(anonymous_0)
FN:7,(anonymous_1)
FN:9,(anonymous_2)
FN:13,(anonymous_3)
FN:14,tick
FN:19,(anonymous_5)
FNF:6
FNH:4
FNDA:3,(anonymous_0)
FNDA:0,(anonymous_1)
FNDA:3,(anonymous_2)
FNDA:3,(anonymous_3)
FNDA:0,tick
FNDA:3,(anonymous_5)
DA:1,1
DA:3,1
DA:7,3
DA:9,3
DA:10,3
DA:13,3
DA:15,0
DA:17,3
DA:18,3
DA:19,3
LF:10
LH:9
BRDA:17,0,0,3
BRF:1
BRH:1
end_of_record
TN:
SF:src/views/error/Error.tsx
FN:13,(anonymous_0)
FN:16,(anonymous_1)
FNF:2
FNH:2
FNDA:1,(anonymous_0)
FNDA:1,(anonymous_1)
DA:1,2
DA:2,2
DA:3,2
DA:4,2
DA:5,2
DA:6,2
DA:13,2
DA:14,1
DA:16,1
DA:17,1
DA:18,1
DA:19,1
DA:23,1
DA:41,2
DA:49,2
DA:57,2
DA:62,2
DA:68,2
LF:18
LH:18
BRDA:18,0,0,1
BRF:1
BRH:1
end_of_record
TN:
SF:src/views/login/Login.tsx
FN:13,(anonymous_0)
FN:18,(anonymous_1)
FN:41,(anonymous_2)
FN:51,(anonymous_3)
FN:60,(anonymous_4)
FNF:5
FNH:2
FNDA:1,(anonymous_0)
FNDA:1,(anonymous_1)
FNDA:0,(anonymous_2)
FNDA:0,(anonymous_3)
FNDA:0,(anonymous_4)
DA:1,1
DA:2,1
DA:3,1
DA:4,1
DA:5,1
DA:6,1
DA:7,1
DA:8,1
DA:9,1
DA:10,1
DA:11,1
DA:13,1
DA:14,1
DA:15,1
DA:16,1
DA:18,1
DA:19,1
DA:22,1
DA:42,0
DA:52,0
DA:61,0
DA:79,1
DA:90,1
DA:104,1
DA:112,1
DA:120,1
DA:128,1
DA:135,1
LF:28
LH:25
BRDA:19,0,0,1
BRDA:19,0,1,0
BRDA:34,1,0,1
BRDA:34,1,1,0
BRF:4
BRH:2
end_of_record
TN:
SF:src/views/tasks/Task.tsx
FN:34,(anonymous_0)
FN:34,(anonymous_1)
FN:35,(anonymous_2)
FN:35,(anonymous_3)
FN:36,(anonymous_4)
FN:36,(anonymous_5)
FN:37,(anonymous_6)
FN:37,(anonymous_7)
FN:39,(anonymous_8)
FN:76,(anonymous_9)
FN:83,(anonymous_10)
FN:98,(anonymous_11)
FN:107,(anonymous_12)
FN:189,(anonymous_13)
FNF:14
FNH:11
FNDA:1,(anonymous_0)
FNDA:1,(anonymous_1)
FNDA:1,(anonymous_2)
FNDA:1,(anonymous_3)
FNDA:1,(anonymous_4)
FNDA:1,(anonymous_5)
FNDA:1,(anonymous_6)
FNDA:1,(anonymous_7)
FNDA:1,(anonymous_8)
FNDA:0,(anonymous_9)
FNDA:0,(anonymous_10)
FNDA:0,(anonymous_11)
FNDA:1,(anonymous_12)
FNDA:1,(anonymous_13)
DA:1,1
DA:2,1
DA:3,1
DA:12,1
DA:13,1
DA:14,1
DA:15,1
DA:16,1
DA:17,1
DA:18,1
DA:19,1
DA:20,1
DA:21,1
DA:30,1
DA:31,1
DA:32,1
DA:34,2
DA:35,2
DA:36,2
DA:37,2
DA:39,1
DA:46,1
DA:47,1
DA:48,1
DA:49,1
DA:50,1
DA:51,1
DA:57,1
DA:64,1
DA:66,1
DA:68,1
DA:72,1
DA:73,1
DA:74,1
DA:76,1
DA:77,0
DA:78,0
DA:79,0
DA:80,0
DA:83,1
DA:84,0
DA:85,0
DA:86,0
DA:95,0
DA:98,1
DA:99,0
DA:100,0
DA:103,0
DA:107,1
DA:108,1
DA:109,1
DA:110,0
DA:112,1
DA:113,0
DA:114,0
DA:115,0
DA:117,1
DA:118,0
DA:120,1
DA:121,1
DA:125,1
DA:180,1
DA:187,1
DA:190,1
DA:204,1
LF:65
LH:49
BRDA:40,0,0,1
BRDA:84,1,0,0
BRDA:84,2,0,0
BRDA:84,2,1,0
BRDA:99,3,0,0
BRDA:109,4,0,0
BRDA:112,5,0,0
BRDA:132,6,0,1
BRDA:132,6,1,0
BRDA:140,7,0,0
BRDA:140,7,1,1
BRDA:174,8,0,0
BRDA:174,8,1,1
BRDA:190,9,0,0
BRDA:190,9,1,1
BRF:15
BRH:5
end_of_record
