TN:
SF:src/components/activeTask/ActiveTask.tsx
FN:11,(anonymous_0)
FN:15,(anonymous_1)
FN:32,(anonymous_2)
FN:39,(anonymous_3)
FN:52,(anonymous_4)
FN:77,(anonymous_5)
FNF:6
FNH:3
FNDA:1,(anonymous_0)
FNDA:0,(anonymous_1)
FNDA:0,(anonymous_2)
FNDA:0,(anonymous_3)
FNDA:1,(anonymous_4)
FNDA:1,(anonymous_5)
DA:1,1
DA:2,1
DA:3,1
DA:4,1
DA:5,1
DA:7,1
DA:8,1
DA:9,1
DA:11,1
DA:12,1
DA:13,1
DA:15,1
DA:16,0
DA:19,1
DA:33,0
DA:39,0
DA:49,1
DA:53,1
DA:73,1
DA:78,1
LF:20
LH:17
BRDA:53,0,0,0
BRDA:53,0,1,1
BRDA:78,1,0,0
BRDA:78,1,1,1
BRF:4
BRH:2
end_of_record
TN:
SF:src/components/button/Button.tsx
FN:15,(anonymous_0)
FNF:1
FNH:1
FNDA:2,(anonymous_0)
DA:1,3
DA:2,3
DA:3,3
DA:5,3
DA:6,3
DA:14,3
DA:16,2
DA:33,3
DA:50,3
DA:54,3
LF:10
LH:10
BRDA:22,0,0,2
BRDA:22,0,1,1
BRF:2
BRH:2
end_of_record
TN:
SF:src/components/cancelList/CancelList.tsx
FN:11,(anonymous_0)
FN:22,(anonymous_1)
FN:49,(anonymous_2)
FNF:3
FNH:2
FNDA:1,(anonymous_0)
FNDA:0,(anonymous_1)
FNDA:1,(anonymous_2)
DA:1,1
DA:2,1
DA:3,1
DA:4,1
DA:5,1
DA:6,1
DA:7,1
DA:8,1
DA:11,1
DA:12,1
DA:13,1
DA:15,1
DA:23,0
DA:36,1
DA:48,1
DA:50,1
LF:16
LH:15
BRDA:50,0,0,0
BRDA:50,0,1,1
BRF:2
BRH:1
end_of_record
TN:
SF:src/components/card/Card.tsx
FN:12,(anonymous_0)
FN:36,(anonymous_1)
FN:37,(anonymous_2)
FN:38,(anonymous_3)
FNF:4
FNH:4
FNDA:6,(anonymous_0)
FNDA:6,(anonymous_1)
FNDA:6,(anonymous_2)
FNDA:6,(anonymous_3)
DA:1,3
DA:2,3
DA:3,3
DA:11,3
DA:17,6
DA:29,3
DA:36,6
DA:37,6
DA:38,6
LF:9
LH:9
BRDA:15,0,0,2
BRDA:36,1,0,2
BRDA:36,1,1,4
BRDA:37,2,0,2
BRDA:37,2,1,4
BRDA:38,3,0,2
BRDA:38,3,1,4
BRF:7
BRH:7
end_of_record
TN:
SF:src/components/cardWithTile/CardWithTitle.tsx
FN:15,(anonymous_0)
FN:34,(anonymous_1)
FNF:2
FNH:2
FNDA:4,(anonymous_0)
FNDA:4,(anonymous_1)
DA:1,1
DA:2,1
DA:3,1
DA:4,1
DA:5,1
DA:14,1
DA:16,4
DA:28,1
DA:35,4
DA:43,1
LF:10
LH:10
BRDA:35,0,0,0
BRDA:35,0,1,4
BRF:2
BRH:1
end_of_record
TN:
SF:src/components/carrusel/Carrusel.tsx
FN:8,(anonymous_0)
FN:13,(anonymous_1)
FN:15,(anonymous_2)
FN:19,(anonymous_3)
FN:21,(anonymous_4)
FN:25,(anonymous_5)
FN:30,(anonymous_6)
FN:51,(anonymous_7)
FN:93,(anonymous_8)
FN:95,(anonymous_9)
FNF:10
FNH:0
FNDA:0,(anonymous_0)
FNDA:0,(anonymous_1)
FNDA:0,(anonymous_2)
FNDA:0,(anonymous_3)
FNDA:0,(anonymous_4)
FNDA:0,(anonymous_5)
FNDA:0,(anonymous_6)
FNDA:0,(anonymous_7)
FNDA:0,(anonymous_8)
FNDA:0,(anonymous_9)
DA:1,1
DA:2,1
DA:8,1
DA:9,0
DA:10,0
DA:11,0
DA:13,0
DA:14,0
DA:15,0
DA:19,0
DA:20,0
DA:21,0
DA:25,0
DA:26,0
DA:27,0
DA:30,0
DA:31,0
DA:33,0
DA:34,0
DA:37,0
DA:38,0
DA:40,0
DA:41,0
DA:44,0
DA:45,0
DA:48,0
DA:51,0
DA:52,0
DA:55,0
DA:73,1
DA:82,1
DA:87,1
DA:91,1
DA:93,0
DA:95,0
LF:35
LH:7
BRDA:14,0,0,0
BRDA:20,1,0,0
BRDA:33,2,0,0
BRDA:40,3,0,0
BRDA:44,4,0,0
BRF:5
BRH:0
end_of_record
TN:
SF:src/components/doneList/DoneList.tsx
FN:12,(anonymous_0)
FN:23,(anonymous_1)
FN:50,(anonymous_2)
FNF:3
FNH:2
FNDA:1,(anonymous_0)
FNDA:0,(anonymous_1)
FNDA:1,(anonymous_2)
DA:1,1
DA:2,1
DA:3,1
DA:4,1
DA:5,1
DA:6,1
DA:7,1
DA:8,1
DA:9,1
DA:12,1
DA:13,1
DA:14,1
DA:16,1
DA:24,0
DA:37,1
DA:49,1
DA:51,1
LF:17
LH:16
BRDA:51,0,0,0
BRDA:51,0,1,1
BRF:2
BRH:1
end_of_record
TN:
SF:src/components/item/Item.tsx
FN:15,(anonymous_0)
FNF:1
FNH:0
FNDA:0,(anonymous_0)
DA:1,1
DA:2,1
DA:3,1
DA:4,1
DA:5,1
DA:6,1
DA:14,1
DA:16,0
DA:30,1
DA:32,1
DA:43,1
DA:49,1
LF:12
LH:11
BRF:0
BRH:0
end_of_record
TN:
SF:src/components/itemButton/ItemButton.tsx
FN:16,(anonymous_0)
FN:24,(anonymous_1)
FN:30,(anonymous_2)
FNF:3
FNH:1
FNDA:1,(anonymous_0)
FNDA:0,(anonymous_1)
FNDA:0,(anonymous_2)
DA:1,1
DA:2,1
DA:3,1
DA:4,1
DA:5,1
DA:6,1
DA:15,1
DA:22,1
DA:24,1
DA:25,0
DA:26,0
DA:30,1
DA:31,0
DA:32,0
DA:33,0
DA:34,0
DA:38,1
DA:59,1
DA:70,1
DA:83,1
LF:20
LH:14
BRDA:25,0,0,0
BRDA:32,1,0,0
BRF:2
BRH:0
end_of_record
TN:
SF:src/components/itemList/ItemList.tsx
FN:14,(anonymous_0)
FN:20,(anonymous_1)
FN:35,(anonymous_2)
FN:61,(anonymous_3)
FN:73,(anonymous_4)
FN:87,(anonymous_5)
FN:98,(anonymous_6)
FN:103,(anonymous_7)
FN:104,(anonymous_8)
FN:105,(anonymous_9)
FN:139,(anonymous_10)
FNF:11
FNH:2
FNDA:1,(anonymous_0)
FNDA:0,(anonymous_1)
FNDA:0,(anonymous_2)
FNDA:0,(anonymous_3)
FNDA:0,(anonymous_4)
FNDA:0,(anonymous_5)
FNDA:0,(anonymous_6)
FNDA:0,(anonymous_7)
FNDA:0,(anonymous_8)
FNDA:0,(anonymous_9)
FNDA:1,(anonymous_10)
DA:1,1
DA:2,1
DA:3,1
DA:4,1
DA:5,1
DA:6,1
DA:8,1
DA:9,1
DA:10,1
DA:11,1
DA:12,1
DA:14,1
DA:15,1
DA:16,1
DA:17,1
DA:18,1
DA:20,1
DA:21,0
DA:22,0
DA:23,0
DA:24,0
DA:35,1
DA:41,0
DA:43,0
DA:44,0
DA:48,0
DA:50,0
DA:61,1
DA:62,0
DA:63,0
DA:73,1
DA:74,0
DA:75,0
DA:76,0
DA:87,1
DA:88,0
DA:91,1
DA:99,0
DA:103,0
DA:104,0
DA:106,0
DA:122,1
DA:126,1
DA:138,1
DA:140,1
LF:45
LH:26
BRDA:21,0,0,0
BRDA:43,1,0,0
BRDA:74,2,0,0
BRDA:140,3,0,0
BRDA:140,3,1,1
BRF:5
BRH:1
end_of_record
TN:
SF:src/components/itemWithActions/ItemWithActions.tsx
FN:20,(anonymous_0)
FN:24,(anonymous_1)
FN:28,(anonymous_2)
FN:37,(anonymous_3)
FN:45,(anonymous_4)
FN:54,(anonymous_5)
FN:71,(anonymous_6)
FN:75,(anonymous_7)
FN:79,(anonymous_8)
FN:84,(anonymous_9)
FN:90,(anonymous_10)
FN:93,(anonymous_11)
FN:94,(anonymous_12)
FN:107,(anonymous_13)
FN:118,(anonymous_14)
FN:126,(anonymous_15)
FNF:16
FNH:0
FNDA:0,(anonymous_0)
FNDA:0,(anonymous_1)
FNDA:0,(anonymous_2)
FNDA:0,(anonymous_3)
FNDA:0,(anonymous_4)
FNDA:0,(anonymous_5)
FNDA:0,(anonymous_6)
FNDA:0,(anonymous_7)
FNDA:0,(anonymous_8)
FNDA:0,(anonymous_9)
FNDA:0,(anonymous_10)
FNDA:0,(anonymous_11)
FNDA:0,(anonymous_12)
FNDA:0,(anonymous_13)
FNDA:0,(anonymous_14)
FNDA:0,(anonymous_15)
DA:1,1
DA:2,1
DA:3,1
DA:4,1
DA:5,1
DA:6,1
DA:20,1
DA:21,0
DA:22,0
DA:24,0
DA:25,0
DA:28,0
DA:29,0
DA:32,0
DA:38,0
DA:46,0
DA:55,0
DA:70,1
DA:72,0
DA:73,0
DA:75,0
DA:76,0
DA:79,0
DA:80,0
DA:81,0
DA:84,0
DA:85,0
DA:86,0
DA:89,0
DA:90,0
DA:93,0
DA:94,0
DA:108,0
DA:109,0
DA:119,0
DA:120,0
DA:127,0
DA:128,0
DA:139,1
DA:143,1
DA:145,1
LF:41
LH:11
BRDA:76,0,0,0
BRDA:76,0,1,0
BRDA:81,1,0,0
BRDA:81,2,0,0
BRDA:81,2,1,0
BRDA:96,3,0,0
BRDA:96,3,1,0
BRDA:104,4,0,0
BRDA:104,4,1,0
BRF:9
BRH:0
end_of_record
TN:
SF:src/components/stickyNote/StickyNote.tsx
FN:15,(anonymous_0)
FN:26,(anonymous_1)
FNF:2
FNH:0
FNDA:0,(anonymous_0)
FNDA:0,(anonymous_1)
DA:1,1
DA:2,1
DA:3,1
DA:4,1
DA:5,1
DA:6,1
DA:14,1
DA:16,0
DA:20,0
DA:27,0
DA:45,1
DA:62,1
DA:68,1
DA:82,1
DA:92,1
LF:15
LH:12
BRF:0
BRH:0
end_of_record
TN:
SF:src/components/useEvent/useEvent.tsx
FN:6,(anonymous_0)
FN:10,(anonymous_1)
FN:19,(anonymous_2)
FN:25,(anonymous_3)
FN:29,(anonymous_4)
FNF:5
FNH:4
FNDA:1,(anonymous_0)
FNDA:1,(anonymous_1)
FNDA:1,(anonymous_2)
FNDA:0,(anonymous_3)
FNDA:1,(anonymous_4)
DA:1,1
DA:2,1
DA:3,1
DA:4,1
DA:6,1
DA:7,1
DA:10,1
DA:17,1
DA:18,1
DA:19,1
DA:25,1
DA:26,0
DA:29,1
DA:30,1
DA:33,1
DA:40,1
LF:16
LH:15
BRDA:6,0,0,1
BRDA:6,0,1,1
BRDA:26,1,0,0
BRDA:30,2,0,0
BRF:4
BRH:2
end_of_record
TN:
SF:src/components/useGoogleAuth/useGoogleAuth.tsx
FN:5,(anonymous_0)
FN:20,(anonymous_1)
FNF:2
FNH:1
FNDA:1,(anonymous_0)
FNDA:0,(anonymous_1)
DA:2,1
DA:3,1
DA:5,1
DA:12,1
DA:21,0
DA:30,1
LF:6
LH:5
BRDA:14,0,0,1
BRDA:14,0,1,0
BRF:2
BRH:1
end_of_record
TN:
SF:src/components/userCard/UserCard.tsx
FN:15,(anonymous_0)
FN:97,(anonymous_1)
FN:107,(anonymous_2)
FN:150,(anonymous_3)
FNF:4
FNH:0
FNDA:0,(anonymous_0)
FNDA:0,(anonymous_1)
FNDA:0,(anonymous_2)
FNDA:0,(anonymous_3)
DA:1,1
DA:2,1
DA:3,1
DA:4,1
DA:5,1
DA:6,1
DA:7,1
DA:15,1
DA:20,0
DA:22,0
DA:74,1
DA:83,1
DA:96,1
DA:97,0
DA:106,1
DA:107,0
DA:118,1
DA:124,1
DA:132,1
DA:138,1
DA:143,1
DA:151,0
LF:22
LH:17
BRDA:24,0,0,0
BRDA:24,0,1,0
BRDA:48,1,0,0
BRDA:48,1,1,0
BRDA:151,2,0,0
BRDA:151,2,1,0
BRF:6
BRH:0
end_of_record
TN:
SF:src/constants/colors.ts
FNF:0
FNH:0
DA:1,3
DA:2,3
DA:3,3
DA:4,3
LF:4
LH:4
BRF:0
BRH:0
end_of_record
TN:
SF:src/constants/keys.ts
FNF:0
FNH:0
DA:1,1
DA:2,1
DA:3,1
LF:3
LH:3
BRF:0
BRH:0
end_of_record
TN:
SF:src/constants/routePaths.ts
FNF:0
FNH:0
DA:1,2
DA:2,2
DA:3,2
DA:4,2
LF:4
LH:4
BRF:0
BRH:0
end_of_record
TN:
SF:src/constants/size.ts
FN:1,(anonymous_0)
FN:7,(anonymous_1)
FNF:2
FNH:2
FNDA:3,(anonymous_0)
FNDA:3,(anonymous_1)
DA:1,3
DA:2,3
DA:3,3
DA:4,3
DA:6,3
DA:7,3
DA:8,3
DA:9,3
DA:10,3
DA:11,3
LF:10
LH:10
BRDA:1,0,0,3
BRDA:1,0,1,3
BRDA:7,1,0,3
BRDA:7,1,1,3
BRF:4
BRH:4
end_of_record
TN:
SF:src/contexts/errorHandlerContext.tsx
FN:11,(anonymous_0)
FN:12,(anonymous_1)
FNF:2
FNH:1
FNDA:0,(anonymous_0)
FNDA:1,(anonymous_1)
DA:1,3
DA:3,3
LF:2
LH:2
BRF:0
BRH:0
end_of_record
TN:
SF:src/contexts/eventContext.tsx
FNF:0
FNH:0
DA:1,1
DA:2,1
DA:4,1
LF:3
LH:3
BRF:0
BRH:0
end_of_record
TN:
SF:src/contexts/taskContext.tsx
FN:20,(anonymous_0)
FN:23,(anonymous_1)
FN:26,(anonymous_2)
FN:29,(anonymous_3)
FN:32,(anonymous_4)
FN:33,(anonymous_5)
FN:36,(anonymous_6)
FN:39,(anonymous_7)
FN:40,(anonymous_8)
FN:41,(anonymous_9)
FN:42,(anonymous_10)
FN:43,(anonymous_11)
FN:44,(anonymous_12)
FN:45,(anonymous_13)
FNF:14
FNH:5
FNDA:2,(anonymous_0)
FNDA:2,(anonymous_1)
FNDA:2,(anonymous_2)
FNDA:2,(anonymous_3)
FNDA:1,(anonymous_4)
FNDA:0,(anonymous_5)
FNDA:0,(anonymous_6)
FNDA:0,(anonymous_7)
FNDA:0,(anonymous_8)
FNDA:0,(anonymous_9)
FNDA:0,(anonymous_10)
FNDA:0,(anonymous_11)
FNDA:0,(anonymous_12)
FNDA:0,(anonymous_13)
DA:1,1
DA:4,1
DA:21,2
DA:24,2
DA:27,2
DA:30,2
DA:34,0
DA:37,0
LF:8
LH:6
BRF:0
BRH:0
end_of_record
TN:
SF:src/contexts/userContext.tsx
FN:11,(anonymous_0)
FNF:1
FNH:0
FNDA:0,(anonymous_0)
DA:1,2
DA:4,2
LF:2
LH:2
BRF:0
BRH:0
end_of_record
TN:
SF:src/events/EventBus.ts
FN:14,(anonymous_0)
FN:18,(anonymous_1)
FN:19,(anonymous_2)
FN:22,(anonymous_3)
FNF:4
FNH:1
FNDA:2,(anonymous_0)
FNDA:0,(anonymous_1)
FNDA:0,(anonymous_2)
FNDA:0,(anonymous_3)
DA:11,1
DA:15,2
DA:19,0
DA:26,0
LF:4
LH:2
BRF:0
BRH:0
end_of_record
TN:
SF:src/views/error/Error.tsx
FN:13,(anonymous_0)
FN:16,(anonymous_1)
FNF:2
FNH:2
FNDA:1,(anonymous_0)
FNDA:1,(anonymous_1)
DA:1,2
DA:2,2
DA:3,2
DA:4,2
DA:5,2
DA:6,2
DA:13,2
DA:14,1
DA:16,1
DA:17,1
DA:18,1
DA:22,1
DA:40,2
DA:48,2
DA:56,2
DA:61,2
DA:67,2
LF:17
LH:17
BRDA:17,0,0,1
BRF:1
BRH:1
end_of_record
TN:
SF:src/views/login/Login.tsx
FN:16,(anonymous_0)
FN:22,(anonymous_1)
FN:31,(anonymous_2)
FN:39,(anonymous_3)
FN:65,(anonymous_4)
FN:66,(anonymous_5)
FNF:6
FNH:3
FNDA:1,(anonymous_0)
FNDA:0,(anonymous_1)
FNDA:0,(anonymous_2)
FNDA:1,(anonymous_3)
FNDA:1,(anonymous_4)
FNDA:0,(anonymous_5)
DA:1,1
DA:2,1
DA:3,1
DA:4,1
DA:5,1
DA:6,1
DA:7,1
DA:8,1
DA:9,1
DA:11,1
DA:12,1
DA:13,1
DA:14,1
DA:16,1
DA:17,1
DA:18,1
DA:19,1
DA:21,1
DA:23,0
DA:29,0
DA:32,0
DA:33,0
DA:34,0
DA:35,0
DA:39,1
DA:40,1
DA:41,1
DA:42,0
DA:51,0
DA:52,0
DA:58,0
DA:60,1
DA:61,0
DA:65,1
DA:66,1
DA:67,0
DA:68,0
DA:72,1
DA:96,1
DA:104,1
DA:112,1
DA:119,1
DA:126,1
LF:43
LH:30
BRDA:41,0,0,0
BRDA:41,0,1,1
BRDA:41,1,0,1
BRDA:41,1,1,1
BRDA:51,2,0,0
BRDA:60,3,0,0
BRF:6
BRH:3
end_of_record
TN:
SF:src/views/tasks/Task.tsx
FN:22,(anonymous_0)
FN:32,(anonymous_1)
FN:38,(anonymous_2)
FN:49,(anonymous_3)
FN:52,(anonymous_4)
FN:102,(anonymous_5)
FNF:6
FNH:4
FNDA:1,(anonymous_0)
FNDA:0,(anonymous_1)
FNDA:1,(anonymous_2)
FNDA:0,(anonymous_3)
FNDA:1,(anonymous_4)
FNDA:1,(anonymous_5)
DA:1,1
DA:2,1
DA:3,1
DA:4,1
DA:5,1
DA:7,1
DA:8,1
DA:9,1
DA:10,1
DA:11,1
DA:12,1
DA:13,1
DA:14,1
DA:22,1
DA:27,1
DA:28,1
DA:29,1
DA:30,1
DA:32,1
DA:33,0
DA:34,0
DA:35,0
DA:38,1
DA:39,1
DA:40,1
DA:41,0
DA:43,1
DA:44,0
DA:46,1
DA:48,1
DA:49,1
DA:50,0
DA:52,1
DA:55,0
DA:56,0
DA:60,1
DA:93,1
DA:100,1
DA:103,1
DA:117,1
LF:40
LH:32
BRDA:23,0,0,1
BRDA:40,1,0,0
BRDA:43,2,0,0
BRDA:43,2,1,1
BRDA:48,3,0,1
BRDA:62,4,0,1
BRDA:62,4,1,0
BRDA:70,5,0,1
BRDA:70,5,1,0
BRDA:80,6,0,1
BRDA:80,6,1,1
BRDA:103,7,0,0
BRDA:103,7,1,1
BRF:13
BRH:8
end_of_record
